\BOOKMARK [0][-]{chapter*.5}{ACRONYMS}{}% 1
\BOOKMARK [0][-]{chapter*.8}{GLOSSARY}{}% 2
\BOOKMARK [0][-]{chapter*.10}{RESUMEN}{}% 3
\BOOKMARK [0][-]{chapter*.11}{ABSTRACT}{}% 4
\BOOKMARK [0][-]{chapter.1}{INTRODUCTION}{}% 5
\BOOKMARK [1][-]{section.1.1}{Background}{chapter.1}% 6
\BOOKMARK [1][-]{section.1.2}{Problem Statement}{chapter.1}% 7
\BOOKMARK [1][-]{section.1.3}{Justification}{chapter.1}% 8
\BOOKMARK [1][-]{section.1.4}{Hypothesis}{chapter.1}% 9
\BOOKMARK [1][-]{section.1.5}{Objectives}{chapter.1}% 10
\BOOKMARK [2][-]{subsection.1.5.1}{General Objective}{section.1.5}% 11
\BOOKMARK [2][-]{subsection.1.5.2}{Specific Objectives}{section.1.5}% 12
\BOOKMARK [0][-]{chapter.2}{LITERATURE REVIEW}{}% 13
\BOOKMARK [1][-]{section.2.1}{Early Work for Imagined Speech}{chapter.2}% 14
\BOOKMARK [1][-]{section.2.2}{Recent Works with EEG Data}{chapter.2}% 15
\BOOKMARK [1][-]{section.2.3}{Overt and Imagined Databases}{chapter.2}% 16
\BOOKMARK [0][-]{chapter.3}{THEORETICAL FRAMEWORK}{}% 17
\BOOKMARK [1][-]{section.3.1}{Electroencephalography}{chapter.3}% 18
\BOOKMARK [1][-]{section.3.2}{Spectral Analysis}{chapter.3}% 19
\BOOKMARK [1][-]{section.3.3}{Neuron Models}{chapter.3}% 20
\BOOKMARK [1][-]{section.3.4}{Classifiers}{chapter.3}% 21
\BOOKMARK [2][-]{subsection.3.4.1}{NeuCube}{section.3.4}% 22
\BOOKMARK [2][-]{subsection.3.4.2}{Single Spiking Neuron}{section.3.4}% 23
\BOOKMARK [0][-]{chapter.4}{METHODS AND METHODOLOGY}{}% 24
\BOOKMARK [1][-]{section.4.1}{Data Selection}{chapter.4}% 25
\BOOKMARK [1][-]{section.4.2}{Preprocessing}{chapter.4}% 26
\BOOKMARK [1][-]{section.4.3}{Processing, Feature Extraction and Classification Approaches}{chapter.4}% 27
\BOOKMARK [2][-]{subsection.4.3.1}{Vector-Based}{section.4.3}% 28
\BOOKMARK [2][-]{subsection.4.3.2}{Spatio-Temporal}{section.4.3}% 29
\BOOKMARK [2][-]{subsection.4.3.3}{Mixed Approach}{section.4.3}% 30
\BOOKMARK [0][-]{chapter.5}{EXPERIMENTAL FRAMEWORK}{}% 31
\BOOKMARK [1][-]{section.5.1}{Validation Methodology}{chapter.5}% 32
\BOOKMARK [1][-]{section.5.2}{Parameters' Selection}{chapter.5}% 33
\BOOKMARK [0][-]{chapter.6}{RESULTS AND DISCUSSION}{}% 34
\BOOKMARK [1][-]{section.6.1}{Vector-Based}{chapter.6}% 35
\BOOKMARK [1][-]{section.6.2}{Spatio-Temporal}{chapter.6}% 36
\BOOKMARK [1][-]{section.6.3}{Mixed Approach Analysis}{chapter.6}% 37
\BOOKMARK [0][-]{chapter.7}{CONCLUSIONS AND FUTURE WORK}{}% 38
\BOOKMARK [1][-]{section.7.1}{Conclusions}{chapter.7}% 39
\BOOKMARK [2][-]{subsection.7.1.1}{Data Selection and Processing}{section.7.1}% 40
\BOOKMARK [2][-]{subsection.7.1.2}{Feature Extraction}{section.7.1}% 41
\BOOKMARK [2][-]{subsection.7.1.3}{Experimental Framework}{section.7.1}% 42
\BOOKMARK [2][-]{subsection.7.1.4}{Classification Results Analysis}{section.7.1}% 43
\BOOKMARK [1][-]{section.7.2}{Contributions}{chapter.7}% 44
\BOOKMARK [1][-]{section.7.3}{Future Recommendations}{chapter.7}% 45
