This is pdfTeX, Version 3.14159265-2.6-1.40.19 (MiKTeX 2.9.6930 64-bit) (preloaded format=pdflatex 2019.1.6)  4 NOV 2019 01:57
entering extended mode
**./tesis.tex
(tesis.tex
LaTeX2e <2018-12-01>
("C:\Program Files\MiKTeX 2.9\tex/latex/base\report.cls"
Document Class: report 2018/09/03 v1.4i Standard LaTeX document class
("C:\Program Files\MiKTeX 2.9\tex/latex/base\size12.clo"
File: size12.clo 2018/09/03 v1.4i Standard LaTeX file (size option)
)
\c@part=\count80
\c@chapter=\count81
\c@section=\count82
\c@subsection=\count83
\c@subsubsection=\count84
\c@paragraph=\count85
\c@subparagraph=\count86
\c@figure=\count87
\c@table=\count88
\abovecaptionskip=\skip41
\belowcaptionskip=\skip42
\bibindent=\dimen102
) (macros.tex
\c@nT=\count89
\c@nP=\count90
)
(paquetes.tex ("C:\Program Files\MiKTeX 2.9\tex/latex/picinpar\picinpar.sty"
Pictures in Paragraphs. Version 1.2a, July 13, 1993
\br=\count91
\bl=\count92
\na=\count93
\nb=\count94
\tcdsav=\count95
\tcl=\count96
\tcd=\count97
\tcn=\count98
\cumtcl=\count99
\cumpartcl=\count100
\lftside=\dimen103
\rtside=\dimen104
\hpic=\dimen105
\vpic=\dimen106
\strutilg=\dimen107
\picwd=\dimen108
\topheight=\dimen109
\ilg=\dimen110
\lpic=\dimen111
\lwindowsep=\dimen112
\rwindowsep=\dimen113
\cumpar=\dimen114
\twa=\toks14
\la=\toks15
\ra=\toks16
\ha=\toks17
\pictoc=\toks18
\rawtext=\box27
\holder=\box28
\windowbox=\box29
\wartext=\box30
\finaltext=\box31
\aslice=\box32
\bslice=\box33
\wbox=\box34
\wstrutbox=\box35
\picbox=\box36
\waslice=\box37
\wbslice=\box38
\fslice=\box39
) ("C:\Program Files\MiKTeX 2.9\tex/latex/amsmath\amsmath.sty"
Package: amsmath 2018/12/01 v2.17b AMS math features
\@mathmargin=\skip43

For additional information on amsmath, use the `?' option.
("C:\Program Files\MiKTeX 2.9\tex/latex/amsmath\amstext.sty"
Package: amstext 2000/06/29 v2.01 AMS text

("C:\Program Files\MiKTeX 2.9\tex/latex/amsmath\amsgen.sty"
File: amsgen.sty 1999/11/30 v2.0 generic functions
\@emptytoks=\toks19
\ex@=\dimen115
))
("C:\Program Files\MiKTeX 2.9\tex/latex/amsmath\amsbsy.sty"
Package: amsbsy 1999/11/29 v1.2d Bold Symbols
\pmbraise@=\dimen116
)
("C:\Program Files\MiKTeX 2.9\tex/latex/amsmath\amsopn.sty"
Package: amsopn 2016/03/08 v2.02 operator names
)
\inf@bad=\count101
LaTeX Info: Redefining \frac on input line 223.
\uproot@=\count102
\leftroot@=\count103
LaTeX Info: Redefining \overline on input line 385.
\classnum@=\count104
\DOTSCASE@=\count105
LaTeX Info: Redefining \ldots on input line 482.
LaTeX Info: Redefining \dots on input line 485.
LaTeX Info: Redefining \cdots on input line 606.
\Mathstrutbox@=\box40
\strutbox@=\box41
\big@size=\dimen117
LaTeX Font Info:    Redeclaring font encoding OML on input line 729.
LaTeX Font Info:    Redeclaring font encoding OMS on input line 730.
\macc@depth=\count106
\c@MaxMatrixCols=\count107
\dotsspace@=\muskip10
\c@parentequation=\count108
\dspbrk@lvl=\count109
\tag@help=\toks20
\row@=\count110
\column@=\count111
\maxfields@=\count112
\andhelp@=\toks21
\eqnshift@=\dimen118
\alignsep@=\dimen119
\tagshift@=\dimen120
\tagwidth@=\dimen121
\totwidth@=\dimen122
\lineht@=\dimen123
\@envbody=\toks22
\multlinegap=\skip44
\multlinetaggap=\skip45
\mathdisplay@stack=\toks23
LaTeX Info: Redefining \[ on input line 2844.
LaTeX Info: Redefining \] on input line 2845.
)
("C:\Program Files\MiKTeX 2.9\tex/latex/amscls\amsthm.sty"
Package: amsthm 2017/10/31 v2.20.4
\thm@style=\toks24
\thm@bodyfont=\toks25
\thm@headfont=\toks26
\thm@notefont=\toks27
\thm@headpunct=\toks28
\thm@preskip=\skip46
\thm@postskip=\skip47
\thm@headsep=\skip48
\dth@everypar=\toks29
)
("C:\Program Files\MiKTeX 2.9\tex/latex/amsfonts\amsfonts.sty"
Package: amsfonts 2013/01/14 v3.01 Basic AMSFonts support
\symAMSa=\mathgroup4
\symAMSb=\mathgroup5
LaTeX Font Info:    Overwriting math alphabet `\mathfrak' in version `bold'
(Font)                  U/euf/m/n --> U/euf/b/n on input line 106.
)
("C:\Program Files\MiKTeX 2.9\tex/latex/caption\caption.sty"
Package: caption 2018/10/06 v3.3-154 Customizing captions (AR)

("C:\Program Files\MiKTeX 2.9\tex/latex/caption\caption3.sty"
Package: caption3 2018/09/12 v1.8c caption3 kernel (AR)
Package caption3 Info: TeX engine: e-TeX on input line 64.

("C:\Program Files\MiKTeX 2.9\tex/latex/graphics\keyval.sty"
Package: keyval 2014/10/28 v1.15 key=value parser (DPC)
\KV@toks@=\toks30
)
\captionmargin=\dimen124
\captionmargin@=\dimen125
\captionwidth=\dimen126
\caption@tempdima=\dimen127
\caption@indent=\dimen128
\caption@parindent=\dimen129
\caption@hangindent=\dimen130
)
\c@caption@flags=\count113
\c@ContinuedFloat=\count114
Package caption Info: picinpar package is loaded.
)
("C:\Program Files\MiKTeX 2.9\tex/latex/colortbl\colortbl.sty"
Package: colortbl 2018/12/12 v1.0d Color table columns (DPC)

("C:\Program Files\MiKTeX 2.9\tex/latex/tools\array.sty"
Package: array 2018/11/13 v2.4j Tabular extension package (FMi)
\col@sep=\dimen131
\ar@mcellbox=\box42
\extrarowheight=\dimen132
\NC@list=\toks31
\extratabsurround=\skip49
\backup@length=\skip50
\ar@cellbox=\box43
)
("C:\Program Files\MiKTeX 2.9\tex/latex/graphics\color.sty"
Package: color 2016/07/10 v1.1e Standard LaTeX Color (DPC)

("C:\Program Files\MiKTeX 2.9\tex/latex/graphics-cfg\color.cfg"
File: color.cfg 2016/01/02 v1.6 sample color configuration
)
Package color Info: Driver file: pdftex.def on input line 147.

("C:\Program Files\MiKTeX 2.9\tex/latex/graphics-def\pdftex.def"
File: pdftex.def 2018/01/08 v1.0l Graphics/color driver for pdftex
))
\everycr=\toks32
\minrowclearance=\skip51
)
("C:\Program Files\MiKTeX 2.9\tex/latex/xcolor\xcolor.sty"
Package: xcolor 2016/05/11 v2.12 LaTeX color extensions (UK)

("C:\Program Files\MiKTeX 2.9\tex/latex/graphics-cfg\color.cfg"
File: color.cfg 2016/01/02 v1.6 sample color configuration
)
Package xcolor Info: Driver file: pdftex.def on input line 225.
LaTeX Info: Redefining \color on input line 709.
\rownum=\count115
Package xcolor Info: Model `cmy' substituted by `cmy0' on input line 1348.
Package xcolor Info: Model `hsb' substituted by `rgb' on input line 1352.
Package xcolor Info: Model `RGB' extended on input line 1364.
Package xcolor Info: Model `HTML' substituted by `rgb' on input line 1366.
Package xcolor Info: Model `Hsb' substituted by `hsb' on input line 1367.
Package xcolor Info: Model `tHsb' substituted by `hsb' on input line 1368.
Package xcolor Info: Model `HSB' substituted by `hsb' on input line 1369.
Package xcolor Info: Model `Gray' substituted by `gray' on input line 1370.
Package xcolor Info: Model `wave' substituted by `hsb' on input line 1371.
)
("C:\Program Files\MiKTeX 2.9\tex/latex/base\alltt.sty"
Package: alltt 1997/06/16 v2.0g defines alltt environment
)
("C:\Program Files\MiKTeX 2.9\tex/latex/tools\multicol.sty"
Package: multicol 2018/11/09 v1.8u multicolumn formatting (FMi)
\c@tracingmulticols=\count116
\mult@box=\box44
\multicol@leftmargin=\dimen133
\c@unbalance=\count117
\c@collectmore=\count118
\doublecol@number=\count119
\multicoltolerance=\count120
\multicolpretolerance=\count121
\full@width=\dimen134
\page@free=\dimen135
\premulticols=\dimen136
\postmulticols=\dimen137
\multicolsep=\skip52
\multicolbaselineskip=\skip53
\partial@page=\box45
\last@line=\box46
\maxbalancingoverflow=\dimen138
\mult@rightbox=\box47
\mult@grightbox=\box48
\mult@gfirstbox=\box49
\mult@firstbox=\box50
\@tempa=\box51
\@tempa=\box52
\@tempa=\box53
\@tempa=\box54
\@tempa=\box55
\@tempa=\box56
\@tempa=\box57
\@tempa=\box58
\@tempa=\box59
\@tempa=\box60
\@tempa=\box61
\@tempa=\box62
\@tempa=\box63
\@tempa=\box64
\@tempa=\box65
\@tempa=\box66
\@tempa=\box67
\c@columnbadness=\count122
\c@finalcolumnbadness=\count123
\last@try=\dimen139
\multicolovershoot=\dimen140
\multicolundershoot=\dimen141
\mult@nat@firstbox=\box68
\colbreak@box=\box69
\mc@col@check@num=\count124
)
("C:\Program Files\MiKTeX 2.9\tex/latex/multirow\multirow.sty"
Package: multirow 2019/01/01 v2.4 Span multiple rows of a table
\multirow@colwidth=\skip54
\multirow@cntb=\count125
\multirow@dima=\skip55
\bigstrutjot=\dimen142
)
("C:\Program Files\MiKTeX 2.9\tex/latex/graphics\rotating.sty"
Package: rotating 2016/08/11 v2.16d rotated objects in LaTeX

("C:\Program Files\MiKTeX 2.9\tex/latex/graphics\graphicx.sty"
Package: graphicx 2017/06/01 v1.1a Enhanced LaTeX Graphics (DPC,SPQR)

("C:\Program Files\MiKTeX 2.9\tex/latex/graphics\graphics.sty"
Package: graphics 2017/06/25 v1.2c Standard LaTeX Graphics (DPC,SPQR)

("C:\Program Files\MiKTeX 2.9\tex/latex/graphics\trig.sty"
Package: trig 2016/01/03 v1.10 sin cos tan (DPC)
)
("C:\Program Files\MiKTeX 2.9\tex/latex/graphics-cfg\graphics.cfg"
File: graphics.cfg 2016/06/04 v1.11 sample graphics configuration
)
Package graphics Info: Driver file: pdftex.def on input line 99.
)
\Gin@req@height=\dimen143
\Gin@req@width=\dimen144
)
("C:\Program Files\MiKTeX 2.9\tex/latex/base\ifthen.sty"
Package: ifthen 2014/09/29 v1.1c Standard LaTeX ifthen package (DPC)
)
\c@r@tfl@t=\count126
\rotFPtop=\skip56
\rotFPbot=\skip57
\rot@float@box=\box70
\rot@mess@toks=\toks33
)
("C:\Program Files\MiKTeX 2.9\tex/latex/tools\longtable.sty"
Package: longtable 2014/10/28 v4.11 Multi-page Table package (DPC)
\LTleft=\skip58
\LTright=\skip59
\LTpre=\skip60
\LTpost=\skip61
\LTchunksize=\count127
\LTcapwidth=\dimen145
\LT@head=\box71
\LT@firsthead=\box72
\LT@foot=\box73
\LT@lastfoot=\box74
\LT@cols=\count128
\LT@rows=\count129
\c@LT@tables=\count130
\c@LT@chunks=\count131
\LT@p@ftn=\toks34
)
("C:\Program Files\MiKTeX 2.9\tex/latex/mathtools\mathtools.sty"
Package: mathtools 2019/07/31 v1.22 mathematical typesetting tools

("C:\Program Files\MiKTeX 2.9\tex/latex/tools\calc.sty"
Package: calc 2017/05/25 v4.3 Infix arithmetic (KKT,FJ)
\calc@Acount=\count132
\calc@Bcount=\count133
\calc@Adimen=\dimen146
\calc@Bdimen=\dimen147
\calc@Askip=\skip62
\calc@Bskip=\skip63
LaTeX Info: Redefining \setlength on input line 80.
LaTeX Info: Redefining \addtolength on input line 81.
\calc@Ccount=\count134
\calc@Cskip=\skip64
)
("C:\Program Files\MiKTeX 2.9\tex/latex/mathtools\mhsetup.sty"
Package: mhsetup 2017/03/31 v1.3 programming setup (MH)
)
LaTeX Info: Thecontrolsequence`\('isalreadyrobust on input line 129.
LaTeX Info: Thecontrolsequence`\)'isalreadyrobust on input line 129.
LaTeX Info: Thecontrolsequence`\['isalreadyrobust on input line 129.
LaTeX Info: Thecontrolsequence`\]'isalreadyrobust on input line 129.
\g_MT_multlinerow_int=\count135
\l_MT_multwidth_dim=\dimen148
\origjot=\skip65
\l_MT_shortvdotswithinadjustabove_dim=\dimen149
\l_MT_shortvdotswithinadjustbelow_dim=\dimen150
\l_MT_above_intertext_sep=\dimen151
\l_MT_below_intertext_sep=\dimen152
\l_MT_above_shortintertext_sep=\dimen153
\l_MT_below_shortintertext_sep=\dimen154
)
("C:\Program Files\MiKTeX 2.9\tex/latex/base\fixltx2e.sty"
Package: fixltx2e 2016/12/29 v2.1a fixes to LaTeX (obsolete)
Applying: [2015/01/01] Old fixltx2e package on input line 46.


Package fixltx2e Warning: fixltx2e is not required with releases after 2015
(fixltx2e)                All fixes are now in the LaTeX kernel.
(fixltx2e)                See the latexrelease package for details.

Already applied: [0000/00/00] Old fixltx2e package on input line 53.
) ("C:\Program Files\MiKTeX 2.9\tex/latex/float\float.sty"
Package: float 2001/11/08 v1.3d Float enhancements (AL)
\c@float@type=\count136
\float@exts=\toks35
\float@box=\box75
\@float@everytoks=\toks36
\@floatcapt=\box76
)
("C:\Program Files\MiKTeX 2.9\tex/generic/babel\babel.sty"
Package: babel 2018/11/13 3.27 The Babel package

("C:\Program Files\MiKTeX 2.9\tex/generic/babel\switch.def"
File: switch.def 2018/11/13 3.27 Babel switching mechanism
)
*************************************
* Local config file bblopts.cfg used
*
("C:\Program Files\MiKTeX 2.9\tex/latex/arabi\bblopts.cfg"
File: bblopts.cfg 2005/09/08 v0.1 add Arabic and Farsi to "declared" options of
 babel
)
("C:\Program Files\MiKTeX 2.9\tex/latex/babel-german\german.ldf"
Language: german 2018/12/08 v2.11 German support for babel (pre-1996 orthograph
y)

("C:\Program Files\MiKTeX 2.9\tex/latex/babel-german\germanb.ldf"
Language: germanb 2018/12/08 v2.11 German support for babel (pre-1996 orthograp
hy)

("C:\Program Files\MiKTeX 2.9\tex/generic/babel\babel.def"
File: babel.def 2018/11/13 3.27 Babel common definitions
\babel@savecnt=\count137
\U@D=\dimen155

("C:\Program Files\MiKTeX 2.9\tex/generic/babel\txtbabel.def")
\bbl@dirlevel=\count138
)
Package babel Info: Making " an active character on input line 135.
))
("C:\Program Files\MiKTeX 2.9\tex/latex/babel-english\english.ldf"
Language: english 2017/06/06 v3.3r English support from the babel system
\l@canadian = a dialect from \language\l@american 
\l@australian = a dialect from \language\l@british 
\l@newzealand = a dialect from \language\l@british 
))
("C:\Program Files\MiKTeX 2.9\tex/latex/base\inputenc.sty"
Package: inputenc 2018/08/11 v1.3c Input encoding file
\inpenc@prehook=\toks37
\inpenc@posthook=\toks38

("C:\Program Files\MiKTeX 2.9\tex/latex/base\latin1.def"
File: latin1.def 2018/08/11 v1.3c Input encoding file
))
("C:\Program Files\MiKTeX 2.9\tex/latex/cancel\cancel.sty"
Package: cancel 2013/04/12 v2.2 Cancel math terms
)
("C:\Program Files\MiKTeX 2.9\tex/latex/threeparttable\threeparttable.sty"
Package: threeparttable 2003/06/13  v 3.0
\@tempboxb=\box77
)
("C:\Program Files\MiKTeX 2.9\tex/latex/subfigure\subfigure.sty"
Package: subfigure 2002/07/30 v2.1.4 subfigure package
\subfigtopskip=\skip66
\subfigcapskip=\skip67
\subfigcaptopadj=\dimen156
\subfigbottomskip=\skip68
\subfigcapmargin=\dimen157
\subfiglabelskip=\skip69
\c@subfigure=\count139
\c@lofdepth=\count140
\c@subtable=\count141
\c@lotdepth=\count142

****************************************
* Local config file subfigure.cfg used *
****************************************
("C:\Program Files\MiKTeX 2.9\tex/latex/subfigure\subfigure.cfg")
\subfig@top=\skip70
\subfig@bottom=\skip71
)
("C:\Program Files\MiKTeX 2.9\tex/latex/amsfonts\amssymb.sty"
Package: amssymb 2013/01/14 v3.01 AMS font symbols
)
("C:\Program Files\MiKTeX 2.9\tex/latex/jknappen\mathrsfs.sty"
Package: mathrsfs 1996/01/01 Math RSFS package v1.0 (jk)
\symrsfs=\mathgroup6
)
("C:\Program Files\MiKTeX 2.9\tex/latex/appendix\appendix.sty"
Package: appendix 2009/09/02 v1.2b extra appendix facilities
\c@@pps=\count143
\c@@ppsavesec=\count144
\c@@ppsaveapp=\count145
)
("C:\Program Files\MiKTeX 2.9\tex/latex/oberdiek\epstopdf.sty"
Package: epstopdf 2016/05/15 v2.6 Conversion with epstopdf on the fly (HO)

("C:\Program Files\MiKTeX 2.9\tex/latex/oberdiek\epstopdf-base.sty"
Package: epstopdf-base 2016/05/15 v2.6 Base part for package epstopdf

("C:\Program Files\MiKTeX 2.9\tex/generic/oberdiek\infwarerr.sty"
Package: infwarerr 2016/05/16 v1.4 Providing info/warning/error messages (HO)
)
("C:\Program Files\MiKTeX 2.9\tex/latex/oberdiek\grfext.sty"
Package: grfext 2016/05/16 v1.2 Manage graphics extensions (HO)

("C:\Program Files\MiKTeX 2.9\tex/generic/oberdiek\kvdefinekeys.sty"
Package: kvdefinekeys 2016/05/16 v1.4 Define keys (HO)

("C:\Program Files\MiKTeX 2.9\tex/generic/oberdiek\ltxcmds.sty"
Package: ltxcmds 2016/05/16 v1.23 LaTeX kernel commands for general use (HO)
)))
("C:\Program Files\MiKTeX 2.9\tex/latex/oberdiek\kvoptions.sty"
Package: kvoptions 2016/05/16 v3.12 Key value format for package options (HO)

("C:\Program Files\MiKTeX 2.9\tex/generic/oberdiek\kvsetkeys.sty"
Package: kvsetkeys 2016/05/16 v1.17 Key value parser (HO)

("C:\Program Files\MiKTeX 2.9\tex/generic/oberdiek\etexcmds.sty"
Package: etexcmds 2016/05/16 v1.6 Avoid name clashes with e-TeX commands (HO)

("C:\Program Files\MiKTeX 2.9\tex/generic/oberdiek\ifluatex.sty"
Package: ifluatex 2016/05/16 v1.4 Provides the ifluatex switch (HO)
Package ifluatex Info: LuaTeX not detected.
))))
("C:\Program Files\MiKTeX 2.9\tex/generic/oberdiek\pdftexcmds.sty"
Package: pdftexcmds 2018/09/10 v0.29 Utility functions of pdfTeX for LuaTeX (HO
)

("C:\Program Files\MiKTeX 2.9\tex/generic/oberdiek\ifpdf.sty"
Package: ifpdf 2018/09/07 v3.3 Provides the ifpdf switch
)
Package pdftexcmds Info: LuaTeX not detected.
Package pdftexcmds Info: \pdf@primitive is available.
Package pdftexcmds Info: \pdf@ifprimitive is available.
Package pdftexcmds Info: \pdfdraftmode found.
)
Package epstopdf-base Info: Redefining graphics rule for `.eps' on input line 4
38.
Package grfext Info: Graphics extension search list:
(grfext)             [.pdf,.png,.jpg,.mps,.jpeg,.jbig2,.jb2,.PDF,.PNG,.JPG,.JPE
G,.JBIG2,.JB2,.eps]
(grfext)             \AppendGraphicsExtensions on input line 456.
))
("C:\Program Files\MiKTeX 2.9\tex/latex/hyphenat\hyphenat.sty"
Package: hyphenat 2009/09/02 v2.3c hyphenation utilities
\langwohyphens=\language76
LaTeX Info: Redefining \_ on input line 43.
)
("C:\Program Files\MiKTeX 2.9\tex/latex/pdfpages\pdfpages.sty"
Package: pdfpages 2017/10/31 v0.5l Insert pages of external PDF documents (AM)

("C:\Program Files\MiKTeX 2.9\tex/latex/eso-pic\eso-pic.sty"
Package: eso-pic 2018/04/12 v2.0h eso-pic (RN)

("C:\Program Files\MiKTeX 2.9\tex/generic/oberdiek\atbegshi.sty"
Package: atbegshi 2016/06/09 v1.18 At begin shipout hook (HO)
))
\AM@pagewidth=\dimen158
\AM@pageheight=\dimen159

("C:\Program Files\MiKTeX 2.9\tex/latex/pdfpages\pppdftex.def"
File: pppdftex.def 2017/10/31 v0.5l Pdfpages driver for pdfTeX (AM)
)
\AM@pagebox=\box78
\AM@global@opts=\toks39
\AM@toc@title=\toks40
\c@AM@survey=\count146
\AM@templatesizebox=\box79
)
("C:\Program Files\MiKTeX 2.9\tex/latex/tools\indentfirst.sty"
Package: indentfirst 1995/11/23 v1.03 Indent first paragraph (DPC)
)
("C:\Program Files\MiKTeX 2.9\tex/latex/hyperref\hyperref.sty"
Package: hyperref 2018/11/30 v6.88e Hypertext links for LaTeX

("C:\Program Files\MiKTeX 2.9\tex/generic/oberdiek\hobsub-hyperref.sty"
Package: hobsub-hyperref 2016/05/16 v1.14 Bundle oberdiek, subset hyperref (HO)


("C:\Program Files\MiKTeX 2.9\tex/generic/oberdiek\hobsub-generic.sty"
Package: hobsub-generic 2016/05/16 v1.14 Bundle oberdiek, subset generic (HO)
Package: hobsub 2016/05/16 v1.14 Construct package bundles (HO)
Package hobsub Info: Skipping package `infwarerr' (already loaded).
Package hobsub Info: Skipping package `ltxcmds' (already loaded).
Package hobsub Info: Skipping package `ifluatex' (already loaded).
Package: ifvtex 2016/05/16 v1.6 Detect VTeX and its facilities (HO)
Package ifvtex Info: VTeX not detected.
Package: intcalc 2016/05/16 v1.2 Expandable calculations with integers (HO)
Package hobsub Info: Skipping package `ifpdf' (already loaded).
Package hobsub Info: Skipping package `etexcmds' (already loaded).
Package hobsub Info: Skipping package `kvsetkeys' (already loaded).
Package hobsub Info: Skipping package `kvdefinekeys' (already loaded).
Package hobsub Info: Skipping package `pdftexcmds' (already loaded).
Package: pdfescape 2016/05/16 v1.14 Implements pdfTeX's escape features (HO)
Package: bigintcalc 2016/05/16 v1.4 Expandable calculations on big integers (HO
)
Package: bitset 2016/05/16 v1.2 Handle bit-vector datatype (HO)
Package: uniquecounter 2016/05/16 v1.3 Provide unlimited unique counter (HO)
)
Package hobsub Info: Skipping package `hobsub' (already loaded).
Package: letltxmacro 2016/05/16 v1.5 Let assignment for LaTeX macros (HO)
Package: hopatch 2016/05/16 v1.3 Wrapper for package hooks (HO)
Package: xcolor-patch 2016/05/16 xcolor patch
Package: atveryend 2016/05/16 v1.9 Hooks at the very end of document (HO)
Package atveryend Info: \enddocument detected (standard20110627).
Package hobsub Info: Skipping package `atbegshi' (already loaded).
Package: refcount 2016/05/16 v3.5 Data extraction from label references (HO)
Package: hycolor 2016/05/16 v1.8 Color options for hyperref/bookmark (HO)
)
("C:\Program Files\MiKTeX 2.9\tex/generic/ifxetex\ifxetex.sty"
Package: ifxetex 2010/09/12 v0.6 Provides ifxetex conditional
)
("C:\Program Files\MiKTeX 2.9\tex/latex/oberdiek\auxhook.sty"
Package: auxhook 2016/05/16 v1.4 Hooks for auxiliary files (HO)
)
\@linkdim=\dimen160
\Hy@linkcounter=\count147
\Hy@pagecounter=\count148

("C:\Program Files\MiKTeX 2.9\tex/latex/hyperref\pd1enc.def"
File: pd1enc.def 2018/11/30 v6.88e Hyperref: PDFDocEncoding definition (HO)
Now handling font encoding PD1 ...
... no UTF-8 mapping file for font encoding PD1
)
\Hy@SavedSpaceFactor=\count149

("C:\Program Files\MiKTeX 2.9\tex/latex/00miktex\hyperref.cfg"
File: hyperref.cfg 2002/06/06 v1.2 hyperref configuration of TeXLive
)
Package hyperref Info: Hyper figures OFF on input line 4519.
Package hyperref Info: Link nesting OFF on input line 4524.
Package hyperref Info: Hyper index ON on input line 4527.
Package hyperref Info: Plain pages OFF on input line 4534.
Package hyperref Info: Backreferencing OFF on input line 4539.
Package hyperref Info: Implicit mode ON; LaTeX internals redefined.
Package hyperref Info: Bookmarks ON on input line 4772.
\c@Hy@tempcnt=\count150

("C:\Program Files\MiKTeX 2.9\tex/latex/url\url.sty"
\Urlmuskip=\muskip11
Package: url 2013/09/16  ver 3.4  Verb mode for urls, etc.
)
LaTeX Info: Redefining \url on input line 5125.
\XeTeXLinkMargin=\dimen161
\Fld@menulength=\count151
\Field@Width=\dimen162
\Fld@charsize=\dimen163
Package hyperref Info: Hyper figures OFF on input line 6380.
Package hyperref Info: Link nesting OFF on input line 6385.
Package hyperref Info: Hyper index ON on input line 6388.
Package hyperref Info: backreferencing OFF on input line 6395.
Package hyperref Info: Link coloring OFF on input line 6400.
Package hyperref Info: Link coloring with OCG OFF on input line 6405.
Package hyperref Info: PDF/A mode OFF on input line 6410.
LaTeX Info: Redefining \ref on input line 6450.
LaTeX Info: Redefining \pageref on input line 6454.
\Hy@abspage=\count152
\c@Item=\count153
\c@Hfootnote=\count154
)
Package hyperref Info: Driver (autodetected): hpdftex.

("C:\Program Files\MiKTeX 2.9\tex/latex/hyperref\hpdftex.def"
File: hpdftex.def 2018/11/30 v6.88e Hyperref driver for pdfTeX
\Fld@listcount=\count155
\c@bookmark@seq@number=\count156

("C:\Program Files\MiKTeX 2.9\tex/latex/oberdiek\rerunfilecheck.sty"
Package: rerunfilecheck 2016/05/16 v1.8 Rerun checks for auxiliary files (HO)
Package uniquecounter Info: New unique counter `rerunfilecheck' on input line 2
82.
)
\Hy@SectionHShift=\skip72
)
Package hyperref Info: Option `breaklinks' set `true' on input line 49.
Package hyperref Info: Option `colorlinks' set `true' on input line 49.

("C:\Program Files\MiKTeX 2.9\tex/latex/oberdiek\pdflscape.sty"
Package: pdflscape 2016/05/14 v0.11 Display of landscape pages in PDF (HO)

("C:\Program Files\MiKTeX 2.9\tex/latex/graphics\lscape.sty"
Package: lscape 2000/10/22 v3.01 Landscape Pages (DPC)
)
Package pdflscape Info: Auto-detected driver: pdftex on input line 81.
)
("C:\Program Files\MiKTeX 2.9\tex/latex/savesym\savesym.sty"
Package: savesym 2013/09/02 v1.2 Saves and restores symbols (JG)
)
("C:\Program Files\MiKTeX 2.9\tex/latex/program\program.sty"
\@gtempa=\dimen164
\@gtempa=\dimen165
\@gtempa=\dimen166
\@gtempa=\dimen167
\@gtempa=\dimen168
\@gtempa=\dimen169
\@gtempa=\dimen170
\@gtempa=\dimen171
\@gtempa=\dimen172
\@gtempa=\dimen173
\@gtempa=\dimen174
\@gtempa=\dimen175
\@gtempa=\dimen176
\@gtempa=\dimen177
\@gtempa=\dimen178
\@gtempa=\dimen179
\@gtempa=\dimen180
\@gtempa=\dimen181
\@gtempa=\dimen182
\@gtempa=\dimen183
\@gtempa=\dimen184
\@gtempa=\dimen185
\@gtempa=\dimen186
\@gtempa=\dimen187
\@gtempa=\dimen188
\@gtempa=\dimen189
\@gtempa=\dimen190
\@gtempa=\dimen191
\@gtempa=\dimen192
\@gtempa=\dimen193
\@gtempa=\dimen194
\@gtempa=\dimen195
\@gtempa=\dimen196
\@gtempa=\dimen197
\@gtempa=\dimen198
\@gtempa=\dimen199
\@gtempa=\dimen256
\@gtempa=\dimen257
\@gtempa=\dimen258
\@gtempa=\dimen259
\@gtempa=\dimen260
\@gtempa=\dimen261
\@gtempa=\dimen262
\@gtempa=\dimen263
\@gtempa=\dimen264
\@gtempa=\dimen265
\@gtempa=\dimen266
\@gtempa=\dimen267
\@gtempa=\dimen268
\@gtempa=\dimen269
\c@programline=\count157
\old@nxttabmar=\count158
\symeulerletters=\mathgroup7
\powersetbox=\box80
LaTeX Font Info:    Try loading font information for U+msa on input line 841.

("C:\Program Files\MiKTeX 2.9\tex/latex/amsfonts\umsa.fd"
File: umsa.fd 2013/01/14 v3.01 AMS symbols A
)
LaTeX Font Info:    Try loading font information for U+msb on input line 841.

("C:\Program Files\MiKTeX 2.9\tex/latex/amsfonts\umsb.fd"
File: umsb.fd 2013/01/14 v3.01 AMS symbols B
)
LaTeX Font Info:    Try loading font information for U+rsfs on input line 841.

("C:\Program Files\MiKTeX 2.9\tex/latex/jknappen\ursfs.fd"
File: ursfs.fd 1998/03/24 rsfs font definition file (jk)
)
LaTeX Font Info:    Try loading font information for U+eur on input line 841.

("C:\Program Files\MiKTeX 2.9\tex/latex/amsfonts\ueur.fd"
File: ueur.fd 2013/01/14 v3.01 Euler Roman
))
("C:\Program Files\MiKTeX 2.9\tex/latex/algorithms\algorithm.sty"
Package: algorithm 2009/08/24 v0.1 Document Style `algorithm' - floating enviro
nment
\@float@every@algorithm=\toks41
\c@algorithm=\count159
))
("C:\Program Files\MiKTeX 2.9\tex/latex/algorithms\algorithmic.sty"
Package: algorithmic 2009/08/24 v0.1 Document Style `algorithmic'
\c@ALC@unique=\count160
\c@ALC@line=\count161
\c@ALC@rem=\count162
\c@ALC@depth=\count163
\ALC@tlm=\skip73
\algorithmicindent=\skip74
)
(text_param.tex) (espanol.tex)

LaTeX Warning: Unused global option(s):
    [doublespace].

(tesis.aux)
\openout1 = `tesis.aux'.

LaTeX Font Info:    Checking defaults for OML/cmm/m/it on input line 10.
LaTeX Font Info:    ... okay on input line 10.
LaTeX Font Info:    Checking defaults for T1/cmr/m/n on input line 10.
LaTeX Font Info:    ... okay on input line 10.
LaTeX Font Info:    Checking defaults for OT1/cmr/m/n on input line 10.
LaTeX Font Info:    ... okay on input line 10.
LaTeX Font Info:    Checking defaults for OMS/cmsy/m/n on input line 10.
LaTeX Font Info:    ... okay on input line 10.
LaTeX Font Info:    Checking defaults for OMX/cmex/m/n on input line 10.
LaTeX Font Info:    ... okay on input line 10.
LaTeX Font Info:    Checking defaults for U/cmr/m/n on input line 10.
LaTeX Font Info:    ... okay on input line 10.
LaTeX Font Info:    Checking defaults for PD1/pdf/m/n on input line 10.
LaTeX Font Info:    ... okay on input line 10.
Package caption Info: Begin \AtBeginDocument code.
Package caption Info: float package is loaded.
Package caption Info: hyperref package is loaded.
Package caption Info: longtable package is loaded.
 ("C:\Program Files\MiKTeX 2.9\tex/latex/caption\ltcaption.sty"
Package: ltcaption 2018/08/26 v1.4-95 longtable captions (AR)
)
Package caption Info: rotating package is loaded.
Package caption Info: subfigure package is loaded.
Package caption Info: threeparttable package is loaded.
Package caption Info: End \AtBeginDocument code.

("C:\Program Files\MiKTeX 2.9\tex/context/base\supp-pdf.mkii"
[Loading MPS to PDF converter (version 2006.09.02).]
\scratchcounter=\count164
\scratchdimen=\dimen270
\scratchbox=\box81
\nofMPsegments=\count165
\nofMParguments=\count166
\everyMPshowfont=\toks42
\MPscratchCnt=\count167
\MPscratchDim=\dimen271
\MPnumerator=\count168
\makeMPintoPDFobject=\count169
\everyMPtoPDFconversion=\toks43
)
\AtBeginShipoutBox=\box82
Package hyperref Info: Link coloring ON on input line 10.
 ("C:\Program Files\MiKTeX 2.9\tex/latex/hyperref\nameref.sty"
Package: nameref 2016/05/21 v2.44 Cross-referencing by name of section

("C:\Program Files\MiKTeX 2.9\tex/generic/oberdiek\gettitlestring.sty"
Package: gettitlestring 2016/05/16 v1.5 Cleanup title references (HO)
)
\c@section@level=\count170
)
LaTeX Info: Redefining \ref on input line 10.
LaTeX Info: Redefining \pageref on input line 10.
LaTeX Info: Redefining \nameref on input line 10.

(tesis.out) (tesis.out)
\@outlinefile=\write3
\openout3 = `tesis.out'.

<Documents/PortadaTesis.pdf, id=191, 614.295pt x 794.97pt>
File: Documents/PortadaTesis.pdf Graphic file (type pdf)
<use Documents/PortadaTesis.pdf>
Package pdftex.def Info: Documents/PortadaTesis.pdf  used on input line 16.
(pdftex.def)             Requested size: 614.29349pt x 794.96806pt.
File: Documents/PortadaTesis.pdf Graphic file (type pdf)
<use Documents/PortadaTesis.pdf>
Package pdftex.def Info: Documents/PortadaTesis.pdf  used on input line 16.
(pdftex.def)             Requested size: 614.29349pt x 794.96806pt.
<Documents/PortadaTesis.pdf, id=194, page=1, 614.295pt x 794.97pt>
File: Documents/PortadaTesis.pdf Graphic file (type pdf)
<use Documents/PortadaTesis.pdf, page 1>
Package pdftex.def Info: Documents/PortadaTesis.pdf , page1 used on input line 
16.
(pdftex.def)             Requested size: 614.29349pt x 794.96806pt.
File: Documents/PortadaTesis.pdf Graphic file (type pdf)
<use Documents/PortadaTesis.pdf, page 1>
Package pdftex.def Info: Documents/PortadaTesis.pdf , page1 used on input line 
16.
(pdftex.def)             Requested size: 614.58406pt x 795.3441pt.
File: Documents/PortadaTesis.pdf Graphic file (type pdf)
<use Documents/PortadaTesis.pdf, page 1>
Package pdftex.def Info: Documents/PortadaTesis.pdf , page1 used on input line 
16.
(pdftex.def)             Requested size: 614.58406pt x 795.3441pt.
File: Documents/PortadaTesis.pdf Graphic file (type pdf)
<use Documents/PortadaTesis.pdf, page 1>
Package pdftex.def Info: Documents/PortadaTesis.pdf , page1 used on input line 
16.
(pdftex.def)             Requested size: 614.58406pt x 795.3441pt.
File: Documents/PortadaTesis.pdf Graphic file (type pdf)
<use Documents/PortadaTesis.pdf, page 1>
Package pdftex.def Info: Documents/PortadaTesis.pdf , page1 used on input line 
16.
(pdftex.def)             Requested size: 614.58406pt x 795.3441pt.
 [1

 <./Documents/PortadaTesis.pdf{C:/Users/Isaac/AppData/Local/MiKTeX/2.9/pdftex/c
onfig/pdftex.map}>] (thanks.tex) [1

] (tesis.toc
[2

]

LaTeX Font Warning: Font shape `OT1/cmr/bx/sc' undefined
(Font)              using `OT1/cmr/bx/n' instead on input line 52.


Overfull \hbox (31.95027pt too wide) in paragraph at lines 53--53
 [] [][][]\OT1/cmr/bx/sc/12 FEATURE SE-LEC-TION BY SUB-BANDS COR-RE-LA-TION RAN
K-ING[][] []  
 []

)
\tf@toc=\write4
\openout4 = `tesis.toc'.

 [3] (tesis.lof)
\tf@lof=\write5
\openout5 = `tesis.lof'.

 [4

] (tesis.lot
Overfull \hbox (0.53806pt too wide) in paragraph at lines 36--36
 [][] [][][]\OT1/cmr/m/n/12 Overall ac-cu-ra-cies overt and imag-ined speech (s
patio-temporal ap-proach).[][] [][]  
 []

[5

])
\tf@lot=\write6
\openout6 = `tesis.lot'.

 (acronyms.tex [6]
Overfull \hbox (2.94495pt too wide) in paragraph at lines 8--50
[][]
 []


Underfull \hbox (badness 10000) in paragraph at lines 8--50

 []


Overfull \hbox (2.94495pt too wide) in paragraph at lines 53--76
[][]
 []


Underfull \hbox (badness 10000) in paragraph at lines 53--76

 []

) (glossary.tex [7

] [8]
Overfull \hbox (2.94495pt too wide) in paragraph at lines 8--23
[][]
 []


Underfull \hbox (badness 10000) in paragraph at lines 8--23

 []

) (resumen.tex [9

]
Underfull \hbox (badness 1067) in paragraph at lines 6--7
[]\OT1/cmr/m/n/12 Principalmente para aux-il-iar a per-sonas con prob-le-mas de
 habla, al-gu-nas
 []


Underfull \hbox (badness 2119) in paragraph at lines 6--7
\OT1/cmr/m/n/12 elec-troence-falograficas clasi-f-i-cando cat-e-goras fonol
ogicas bi-na-rias a traves de
 []


Underfull \hbox (badness 10000) in paragraph at lines 6--7

 []


Overfull \hbox (3.07085pt too wide) in paragraph at lines 8--9
\OT1/cmr/m/n/12 re-spec-ti-va-mente). Por lo tanto, las mues-tras de cada ac-ti
vi-dad men-tal fueron uti-lizadas
 []


Underfull \hbox (badness 2990) in paragraph at lines 8--9
\OT1/cmr/m/n/12 por clasi-fi-cadores de dos en-fo-ques difer-entes: 1. basado e
n vec-tores y
 []


Overfull \hbox (0.27689pt too wide) in paragraph at lines 8--9
\OT1/cmr/m/n/12 tradi-cionales, mien-tras que para el se-gundo en-foque se uti-
lizaron clasi-fi-cadores basa-dos
 []


Underfull \hbox (badness 10000) in paragraph at lines 8--9

 []

) (abstract.tex
Underfull \hbox (badness 10000) in paragraph at lines 10--2

 []

[10

]
Underfull \hbox (badness 10000) in paragraph at lines 8--9

 []


Overfull \hbox (3.34491pt too wide) in paragraph at lines 10--11
\OT1/cmr/m/n/12 imag-ined speech (ex-ter-nal and in-ter-nal pro-nun-ci-a-tion o
f sounds or words, re-spec-tively).
 []


Underfull \hbox (badness 10000) in paragraph at lines 10--11

 []


Overfull \hbox (2.3528pt too wide) in paragraph at lines 12--13
\OT1/cmr/m/n/12 the sin-gle spik-ing neu-ron clas-si-fier out-per-formed oth-er
s in all the ex-per-i-ments. Be-sides,
 []


Overfull \hbox (4.51573pt too wide) in paragraph at lines 12--13
\OT1/cmr/m/n/12 the best re-sults ob-tained for overt speech sam-ples were with
 the Vector-based ap-proach,
 []


Underfull \hbox (badness 1454) in paragraph at lines 12--13
\OT1/cmr/m/n/12 while for imag-ined speech sam-ples were with the Spatio-tempor
al ap-proach.
 []

) (chapter01.tex [11

]
Chapter 1.

Overfull \hbox (0.62086pt too wide) in paragraph at lines 7--8
\OT1/cmr/m/n/12 their thoughts. In the case of the au-to-matic speech recog-ni-
tion field, these tech-nolo-gies
 []


Underfull \hbox (badness 10000) in paragraph at lines 7--8

 []


Underfull \hbox (badness 10000) in paragraph at lines 9--10

 []


Underfull \hbox (badness 10000) in paragraph at lines 11--12

 []


Overfull \hbox (8.56708pt too wide) in paragraph at lines 16--17
\OT1/cmr/m/n/12 the pre-cise iden-ti-fi-ca-tion of ac-ti-vated ar-eas dur-ing i
mag-ined and overt speech record-ings. 
 []


Underfull \hbox (badness 10000) in paragraph at lines 16--17

 []

pdfTeX warning (ext4): destination with the same identifier (name{page.1}) has 
been already used, duplicate ignored
<to be read again> 
                   \relax 
l.17 
      [1

]
Underfull \hbox (badness 10000) in paragraph at lines 18--19

 []


Underfull \hbox (badness 10000) in paragraph at lines 26--27

 []


Underfull \hbox (badness 10000) in paragraph at lines 31--32

 []


Underfull \hbox (badness 10000) in paragraph at lines 33--34

 []


Underfull \hbox (badness 10000) in paragraph at lines 35--36

 []


Underfull \hbox (badness 10000) in paragraph at lines 37--38

 []


Underfull \hbox (badness 10000) in paragraph at lines 39--40

 []

[2]
Underfull \hbox (badness 10000) in paragraph at lines 41--42

 []


Underfull \hbox (badness 1968) in paragraph at lines 43--44
[]\OT1/cmr/m/n/12 For the clas-si-fi-ca-tion step, some clas-si-fiers that have
 been used in the
 []


Underfull \hbox (badness 10000) in paragraph at lines 43--44

 []


Underfull \hbox (badness 1009) in paragraph at lines 45--46
\OT1/cmr/m/n/12 in-for-ma-tion for the phe-nom-ena. On the other hand, those wo
rks that use
 []


Underfull \hbox (badness 10000) in paragraph at lines 45--46

 []


Underfull \hbox (badness 10000) in paragraph at lines 51--52

 []

[3]) (chapter02.tex [4]
Chapter 2.

Underfull \hbox (badness 10000) in paragraph at lines 2--3

 []


Overfull \hbox (2.25696pt too wide) in paragraph at lines 6--7
\OT1/cmr/m/n/12 of the 70s. Then, the in-ter-est in speech recog-ni-tion in in-
audi-ble en-vi-ron-ments in-creased
 []


Underfull \hbox (badness 10000) in paragraph at lines 6--7

 []


Underfull \hbox (badness 10000) in paragraph at lines 8--9

 []


Underfull \hbox (badness 10000) in paragraph at lines 10--11

 []


Underfull \hbox (badness 10000) in paragraph at lines 12--13

 []


Underfull \hbox (badness 10000) in paragraph at lines 14--15

 []


Underfull \hbox (badness 10000) in paragraph at lines 16--17

 []

[5

]
Underfull \hbox (badness 10000) in paragraph at lines 18--19

 []


Underfull \hbox (badness 10000) in paragraph at lines 20--21

 []


Underfull \hbox (badness 10000) in paragraph at lines 22--23

 []


Underfull \hbox (badness 10000) in paragraph at lines 24--25

 []


Underfull \hbox (badness 10000) in paragraph at lines 26--27

 []


Underfull \hbox (badness 10000) in paragraph at lines 28--29

 []


Underfull \hbox (badness 10000) in paragraph at lines 30--31

 []


Overfull \hbox (2.25279pt too wide) in paragraph at lines 32--33
\OT1/cmr/m/n/12 ob-tained with all chan-nels. How-ever, these ex-per-i-ments re
-flected that just the chan-nels
 []


Underfull \hbox (badness 10000) in paragraph at lines 32--33

 []


Underfull \hbox (badness 10000) in paragraph at lines 34--35

 []

[6]
Underfull \hbox (badness 10000) in paragraph at lines 36--37

 []


Underfull \hbox (badness 10000) in paragraph at lines 38--39

 []


Underfull \hbox (badness 10000) in paragraph at lines 40--41

 []


Overfull \hbox (0.16393pt too wide) in paragraph at lines 42--43
\OT1/cmr/m/n/12 nor-mal-iza-tion, recog-ni-tion feed-back to the sub-ject, and 
more tri-als per class. How-ever,
 []


Underfull \hbox (badness 10000) in paragraph at lines 42--43

 []


Underfull \hbox (badness 10000) in paragraph at lines 44--45

 []


Underfull \hbox (badness 10000) in paragraph at lines 46--47

 []


Underfull \hbox (badness 10000) in paragraph at lines 48--49

 []


Underfull \hbox (badness 10000) in paragraph at lines 50--51

 []


Underfull \hbox (badness 10000) in paragraph at lines 52--53

 []

[7]
Underfull \hbox (badness 10000) in paragraph at lines 54--55

 []


Underfull \hbox (badness 10000) in paragraph at lines 56--57

 []


Underfull \hbox (badness 10000) in paragraph at lines 58--59

 []


Overfull \hbox (3.60602pt too wide) in paragraph at lines 60--61
[]\OT1/cmr/m/n/12 These re-sults, sup-ported by the sym-met-ric pat-terns ob-se
rved in the spa-tial fea-ture's
 []


Underfull \hbox (badness 10000) in paragraph at lines 72--73

 []


Underfull \hbox (badness 10000) in paragraph at lines 74--75

 []


Underfull \hbox (badness 10000) in paragraph at lines 76--77

 []

[8]
Underfull \hbox (badness 10000) in paragraph at lines 78--79

 []


Underfull \hbox (badness 10000) in paragraph at lines 80--81

 []


Underfull \hbox (badness 10000) in paragraph at lines 82--83

 []


Underfull \hbox (badness 10000) in paragraph at lines 84--85

 []


Underfull \hbox (badness 10000) in paragraph at lines 86--87

 []


Underfull \hbox (badness 10000) in paragraph at lines 88--89

 []


Underfull \hbox (badness 10000) in paragraph at lines 90--91

 []


Overfull \hbox (0.25563pt too wide) in paragraph at lines 92--93
\OT1/cmr/m/n/12 vec-tor quan-ti-za-tion. Be-sides, a But-ter-worth's LPF, sig-n
al's seg-men-ta-tion, his-tograms,
 []


Underfull \hbox (badness 10000) in paragraph at lines 92--93

 []


Underfull \hbox (badness 10000) in paragraph at lines 94--95

 []

[9]
Underfull \hbox (badness 10000) in paragraph at lines 96--97

 []


Overfull \hbox (1.61299pt too wide) in paragraph at lines 98--99
[]\OT1/cmr/m/n/12 Finally, the method-ol-ogy fol-lowed in [[]] was im-ple-mente
d with two other imag-ined
 []


Underfull \hbox (badness 10000) in paragraph at lines 98--99

 []


Underfull \hbox (badness 10000) in paragraph at lines 100--101

 []


Underfull \hbox (badness 10000) in paragraph at lines 102--103

 []


Underfull \hbox (badness 10000) in paragraph at lines 104--105

 []


Underfull \hbox (badness 10000) in paragraph at lines 106--107

 []


Underfull \hbox (badness 10000) in paragraph at lines 108--109

 []


Underfull \hbox (badness 10000) in paragraph at lines 110--111

 []

[10]
Underfull \hbox (badness 10000) in paragraph at lines 112--113

 []


Overfull \hbox (2.36575pt too wide) in paragraph at lines 114--115
\OT1/cmr/m/n/12 ac-cu-ra-cies showed pos-i-tive re-sults for mul-ti-modal sys-t
ems de-vel-op-ment with ac-cu-ra-cies
 []


Underfull \hbox (badness 10000) in paragraph at lines 114--115

 []


Underfull \hbox (badness 10000) in paragraph at lines 116--117

 []


Underfull \hbox (badness 10000) in paragraph at lines 118--119

 []


Underfull \hbox (badness 10000) in paragraph at lines 120--121

 []

[11] [12

]
Overfull \hbox (3.65834pt too wide) in paragraph at lines 197--198
\OT1/cmr/m/n/12 sec-tion, not all databases are avail-able on-line. Due to that
, Ta-ble [][]2.2[][] shows in-for-ma-tion
 []


Underfull \hbox (badness 10000) in paragraph at lines 197--198

 []


Underfull \hbox (badness 10000) in paragraph at lines 199--200

 []


Underfull \hbox (badness 10000) in paragraph at lines 201--202

 []

) (chapter03.tex [13

]
Chapter 3.

Underfull \hbox (badness 10000) in paragraph at lines 2--3

 []


Underfull \hbox (badness 10000) in paragraph at lines 5--6

 []


Overfull \hbox (8.24767pt too wide) in paragraph at lines 7--8
[]\OT1/cmr/m/n/12 In the case of EEG, a good time res-o-lu-tion can be achieved
 with cur-rent tech-nolo-gies.
 []


Underfull \hbox (badness 10000) in paragraph at lines 7--8

 []


Underfull \hbox (badness 10000) in paragraph at lines 9--10

 []

<Figures/EEG_Generation.png, id=626, 566.115pt x 138.5175pt>
File: Figures/EEG_Generation.png Graphic file (type png)
<use Figures/EEG_Generation.png>
Package pdftex.def Info: Figures/EEG_Generation.png  used on input line 13.
(pdftex.def)             Requested size: 433.62pt x 106.1008pt.

LaTeX Warning: `!h' float specifier changed to `!ht'.


Underfull \hbox (badness 10000) in paragraph at lines 18--19

 []


Underfull \hbox (badness 10000) in paragraph at lines 20--21

 []

[14

]
Overfull \hbox (15.68796pt too wide) in paragraph at lines 22--23
[]\OT1/cmr/m/n/12 Moreover, an EEG sig-nal ac-quired from a par-tic-u-lar chan-
nel rep-re-sents the dif-fer-en-tial
 []


Underfull \hbox (badness 10000) in paragraph at lines 22--23

 []


Overfull \hbox (1.62178pt too wide) in paragraph at lines 24--25
[]\OT1/cmr/m/n/12 According to [[]], the ref-er-ence choice is ir-rel-e-vant fo
r any source lo-ca-tion; how-ever,
 []


Overfull \hbox (1.20836pt too wide) in paragraph at lines 24--25
\OT1/cmr/m/n/12 knowl-edge. Nonethe-less, sev-eral meth-ods have been in-vented
 for reference-dependency
 []


Underfull \hbox (badness 10000) in paragraph at lines 24--25

 []


Overfull \hbox (5.23795pt too wide) in paragraph at lines 26--27
\OT1/cmr/m/n/12 po-ten-tial dif-fer-ence be-tween each elec-trode and the near-
est four elec-trodes to em-pha-size
 []


Underfull \hbox (badness 10000) in paragraph at lines 26--27

 []


Overfull \hbox (1.71298pt too wide) in paragraph at lines 28--29
\OT1/cmr/m/n/12 net-works pro-duce rhyth-mi-cal ac-tiv-i-ties, which are as-so-
ci-ated with par-tic-u-lar func-tions,
 []


Overfull \hbox (34.77792pt too wide) in paragraph at lines 32--33
[]$[]$\OT1/cmr/m/n/12 : This band presents am-pli-tude dif-fer-ences among in-d
i-vid-u-als,
 []


Overfull \hbox (1.77826pt too wide) in paragraph at lines 32--33
\OT1/cmr/m/n/12 which are di-min-ished by sud-den alert-ing, men-tal con-cen-tr
a-tion, and eye-opening.
 []


Overfull \hbox (23.64192pt too wide) in paragraph at lines 32--33
\OT1/cmr/m/n/12 tasks, lower-alpha (8-10 Hz) sup-pres-sion has been as-so-ci-at
ed with stimulus-unspecific
 []


Overfull \hbox (11.36983pt too wide) in paragraph at lines 32--33
\OT1/cmr/m/n/12 Hz) desyn-chro-niza-tion has been linked to sensory-semantic in
-for-ma-tion pro-cess-ing,
 []

[15 <./Figures/EEG_Generation.png>]
Overfull \hbox (7.05322pt too wide) in paragraph at lines 33--34
[]$[]$\OT1/cmr/m/n/12 : It typ-i-cally re-places $\OML/cmm/m/it/12 $ \OT1/cmr/
m/n/12 rhythm dur-ing cog-ni-tive ac-tiv-ity.
 []


Overfull \hbox (18.22809pt too wide) in paragraph at lines 34--35
\OT1/cmr/m/n/12 arousal, ob-ject recog-ni-tion, top-down mod-u-la-tion of sen-s
ory pro-cess, and per-cep-tual
 []


Overfull \hbox (10.53882pt too wide) in paragraph at lines 37--38
[]\OT1/cmr/m/n/12 All these os-cil-la-tory rhythms have their par-tic-u-lar as-
pects. How-ever, they en-com-pass
 []

[16]) (chapter04.tex [17]
Chapter 4.
<Figures/Diagram.png, id=663, 1242.89343pt x 259.7203pt>
File: Figures/Diagram.png Graphic file (type png)
<use Figures/Diagram.png>
Package pdftex.def Info: Figures/Diagram.png  used on input line 4.
(pdftex.def)             Requested size: 433.62pt x 90.6102pt.

Underfull \hbox (badness 10000) in paragraph at lines 13--14

 []


Underfull \hbox (badness 10000) in paragraph at lines 15--16

 []

<Figures/Rejected_Signals.png, id=668, 629.35126pt x 372.64218pt>
File: Figures/Rejected_Signals.png Graphic file (type png)
<use Figures/Rejected_Signals.png>
Package pdftex.def Info: Figures/Rejected_Signals.png  used on input line 18.
(pdftex.def)             Requested size: 251.73604pt x 149.05423pt.

LaTeX Warning: `!h' float specifier changed to `!ht'.


LaTeX Warning: `!h' float specifier changed to `!ht'.


Overfull \hbox (0.96022pt too wide) in paragraph at lines 45--46
[]\OT1/cmr/m/n/12 For this work, the cor-re-spond-ing 5 sec-onds imag-ined spee
ch, as well as the fol-low-ing
 []


Underfull \hbox (badness 10000) in paragraph at lines 45--46

 []


Underfull \hbox (badness 10000) in paragraph at lines 47--48

 []

[18

 <./Figures/Diagram.png>]
Underfull \hbox (badness 10000) in paragraph at lines 49--50

 []


LaTeX Warning: `!h' float specifier changed to `!ht'.

<Figures/Downsampling.png, id=681, 502.12593pt x 353.82187pt>
File: Figures/Downsampling.png Graphic file (type png)
<use Figures/Downsampling.png>
Package pdftex.def Info: Figures/Downsampling.png  used on input line 79.
(pdftex.def)             Requested size: 200.84682pt x 141.52623pt.
[19 <./Figures/Rejected_Signals.png>]
Underfull \hbox (badness 10000) in paragraph at lines 92--93

 []

[20 <./Figures/Downsampling.png>]
Underfull \hbox (badness 10000) in paragraph at lines 100--101

 []

<Figures/Overt_speech_trim.png, id=705, 679.78969pt x 715.17188pt>
File: Figures/Overt_speech_trim.png Graphic file (type png)
<use Figures/Overt_speech_trim.png>
Package pdftex.def Info: Figures/Overt_speech_trim.png  used on input line 103.

(pdftex.def)             Requested size: 271.91106pt x 286.06367pt.
<Figures/Wavelets.png, id=706, 1035.11719pt x 245.41687pt>
File: Figures/Wavelets.png Graphic file (type png)
<use Figures/Wavelets.png>
Package pdftex.def Info: Figures/Wavelets.png  used on input line 111.
(pdftex.def)             Requested size: 433.62pt x 102.80849pt.

LaTeX Warning: `!h' float specifier changed to `!ht'.


Underfull \hbox (badness 10000) in paragraph at lines 116--117

 []

[21 <./Figures/Overt_speech_trim.png>]
Underfull \hbox (badness 10000) in paragraph at lines 118--119

 []


Underfull \hbox (badness 10000) in paragraph at lines 120--121

 []


Underfull \hbox (badness 10000) in paragraph at lines 122--123

 []


LaTeX Warning: Reference `walden1998phase' on page 22 undefined on input line 1
24.


Underfull \hbox (badness 10000) in paragraph at lines 124--125

 []


Underfull \hbox (badness 10000) in paragraph at lines 126--127

 []


Underfull \hbox (badness 10000) in paragraph at lines 128--129

 []

<Figures/Time_Freq_Wavelet.png, id=716, 737.00343pt x 752.8125pt>
File: Figures/Time_Freq_Wavelet.png Graphic file (type png)
<use Figures/Time_Freq_Wavelet.png>
Package pdftex.def Info: Figures/Time_Freq_Wavelet.png  used on input line 131.

(pdftex.def)             Requested size: 433.62pt x 442.91493pt.
[22 <./Figures/Wavelets.png>]
Underfull \hbox (badness 10000) in paragraph at lines 137--138

 []


Underfull \hbox (badness 10000) in paragraph at lines 139--140

 []

<Figures/DWT_time_freq.png, id=723, 1290.0195pt x 703.1871pt>
File: Figures/DWT_time_freq.png Graphic file (type png)
<use Figures/DWT_time_freq.png>
Package pdftex.def Info: Figures/DWT_time_freq.png  used on input line 142.
(pdftex.def)             Requested size: 433.62pt x 236.36583pt.

LaTeX Warning: `!h' float specifier changed to `!ht'.


Overfull \hbox (2.2954pt too wide) in paragraph at lines 148--149
[]\OT1/cmr/m/n/10.95 It is no-tice-able that the con-cen-tra-tion of en-ergy va
ry among sub-bands and time in-ter-vals.
 []


Underfull \hbox (badness 10000) in paragraph at lines 148--149

 []

[23 <./Figures/Time_Freq_Wavelet.png>]
Underfull \hbox (badness 10000) in paragraph at lines 150--151

 []


Underfull \hbox (badness 10000) in paragraph at lines 152--153

 []


Underfull \hbox (badness 10000) in paragraph at lines 154--155

 []


Overfull \hbox (2.20293pt too wide) in paragraph at lines 156--157
[]\OT1/cmr/m/n/10.95 On the other hand, it can be no-ticed in WPT spec-tral plo
ts (Fig-ure [][]4.8[][]) some com-po-nents
 []


Underfull \hbox (badness 10000) in paragraph at lines 156--157

 []

<Figures/WPT_time_freq.png, id=736, 1285.6833pt x 1902.8691pt>
File: Figures/WPT_time_freq.png Graphic file (type png)
<use Figures/WPT_time_freq.png>
Package pdftex.def Info: Figures/WPT_time_freq.png  used on input line 159.
(pdftex.def)             Requested size: 385.70796pt x 570.86514pt.
[24 <./Figures/DWT_time_freq.png>] [25 <./Figures/WPT_time_freq.png>]
Underfull \hbox (badness 10000) in paragraph at lines 183--184

 []


Underfull \hbox (badness 10000) in paragraph at lines 185--186

 []


Underfull \hbox (badness 10000) in paragraph at lines 187--188

 []

[26]
Underfull \hbox (badness 10000) in paragraph at lines 237--238

 []


Underfull \hbox (badness 10000) in paragraph at lines 239--240

 []


Underfull \hbox (badness 10000) in paragraph at lines 241--242

 []


Underfull \hbox (badness 10000) in paragraph at lines 243--244

 []


Underfull \hbox (badness 10000) in paragraph at lines 245--246

 []

<Figures/DWT_Framing.png, id=776, 651.1527pt x 638.8668pt>
File: Figures/DWT_Framing.png Graphic file (type png)
<use Figures/DWT_Framing.png>
Package pdftex.def Info: Figures/DWT_Framing.png  used on input line 248.
(pdftex.def)             Requested size: 433.62pt x 425.45523pt.

LaTeX Warning: `!h' float specifier changed to `!ht'.

<Figures/PCA.png, id=777, 774.64406pt x 272.51813pt>
File: Figures/PCA.png Graphic file (type png)
<use Figures/PCA.png>
Package pdftex.def Info: Figures/PCA.png  used on input line 255.
(pdftex.def)             Requested size: 433.62pt x 152.54672pt.

LaTeX Warning: `!h' float specifier changed to `!ht'.


Underfull \hbox (badness 10000) in paragraph at lines 261--262

 []

[27]
Underfull \hbox (badness 10000) in paragraph at lines 263--264

 []

[28 <./Figures/DWT_Framing.png>]
Underfull \hbox (badness 10000) in paragraph at lines 265--266

 []


Underfull \hbox (badness 10000) in paragraph at lines 267--268

 []


Underfull \hbox (badness 10000) in paragraph at lines 269--270

 []


Underfull \hbox (badness 10000) in paragraph at lines 271--272

 []


Underfull \hbox (badness 10000) in paragraph at lines 273--274

 []


Underfull \hbox (badness 10000) in paragraph at lines 275--276

 []

[29 <./Figures/PCA.png>]
<Figures/Correlation.png, id=805, 510.40688pt x 335.00156pt>
File: Figures/Correlation.png Graphic file (type png)
<use Figures/Correlation.png>
Package pdftex.def Info: Figures/Correlation.png  used on input line 343.
(pdftex.def)             Requested size: 433.62pt x 284.61975pt.


LaTeX Warning: `!h' float specifier changed to `!ht'.


Underfull \hbox (badness 10000) in paragraph at lines 348--349

 []


Underfull \hbox (badness 10000) in paragraph at lines 350--351

 []

[30]
Underfull \hbox (badness 10000) in paragraph at lines 352--353

 []


Underfull \hbox (badness 10000) in paragraph at lines 354--355

 []


Overfull \hbox (12.02872pt too wide) in paragraph at lines 356--357
[]\OT1/cmr/m/n/10.95 While for Pear-son cor-re-la-tion, apart of ob-tain-ing si
m-i-lar re-sults as with Kendall cor-re-la-tion,
 []


Underfull \hbox (badness 10000) in paragraph at lines 356--357

 []


LaTeX Warning: `!h' float specifier changed to `!ht'.


Overfull \hbox (8.45967pt too wide) in paragraph at lines 392--393
[]\OT1/cmr/m/n/10.95 For the rea-sons ex-posed above, Kendall and Pear-son cor-
re-la-tions were dis-carded. How-ever,
 []


Overfull \hbox (10.31178pt too wide) in paragraph at lines 392--393
\OT1/cmr/m/n/10.95 al-though the best per-cent-ages were ob-tained with Spear-m
an cor-re-la-tion, this over-all pro-cess-ing
 []


Underfull \hbox (badness 10000) in paragraph at lines 392--393

 []

[31 <./Figures/Correlation.png>]
Underfull \hbox (badness 10000) in paragraph at lines 396--397

 []


Underfull \hbox (badness 10000) in paragraph at lines 398--399

 []

<Figures/Classification_VB.png, id=819, 794.2172pt x 219.82124pt>
File: Figures/Classification_VB.png Graphic file (type png)
<use Figures/Classification_VB.png>
Package pdftex.def Info: Figures/Classification_VB.png  used on input line 402.

(pdftex.def)             Requested size: 433.62pt x 120.0199pt.

LaTeX Warning: `!h' float specifier changed to `!ht'.

Package hyperref Info: bookmark level for unknown algorithm defaults to 0 on in
put line 437.

Underfull \hbox (badness 10000) in paragraph at lines 437--437

 []

[32]
Underfull \hbox (badness 10000) in paragraph at lines 440--441

 []


Underfull \hbox (badness 10000) in paragraph at lines 442--443

 []


Underfull \hbox (badness 10000) in paragraph at lines 444--445

 []


Overfull \hbox (0.70331pt too wide) in paragraph at lines 466--468
 [][] 
 []


LaTeX Warning: `!h' float specifier changed to `!ht'.


Underfull \hbox (badness 10000) in paragraph at lines 470--471

 []

[33 <./Figures/Classification_VB.png>]
Underfull \hbox (badness 10000) in paragraph at lines 472--473

 []


Underfull \hbox (badness 10000) in paragraph at lines 474--475

 []


Underfull \hbox (badness 10000) in paragraph at lines 476--477

 []


Underfull \hbox (badness 10000) in paragraph at lines 478--479

 []


Underfull \hbox (badness 10000) in paragraph at lines 480--481

 []

[34]
<Figures/Channel_Selection.png, id=872, 826.58812pt x 336.50719pt>
File: Figures/Channel_Selection.png Graphic file (type png)
<use Figures/Channel_Selection.png>
Package pdftex.def Info: Figures/Channel_Selection.png  used on input line 484.

(pdftex.def)             Requested size: 433.62pt x 176.53027pt.

Underfull \hbox (badness 10000) in paragraph at lines 512--513

 []

[35 <./Figures/Channel_Selection.png>]
Underfull \hbox (badness 10000) in paragraph at lines 521--522

 []


Underfull \hbox (badness 10000) in paragraph at lines 523--525

 []


Underfull \hbox (badness 10000) in paragraph at lines 526--527

 []


Underfull \hbox (badness 10000) in paragraph at lines 530--531

 []


Underfull \hbox (badness 10000) in paragraph at lines 532--533

 []


Underfull \hbox (badness 10000) in paragraph at lines 534--535

 []

[36]
Overfull \hbox (8.28749pt too wide) in paragraph at lines 536--537
[]\OT1/cmr/m/n/10.95 Notice that car-ry-ing ex-per-i-ments across en-cod-ing me
th-ods and er-ror met-rics (i.e., sim-i-larly
 []


Underfull \hbox (badness 10000) in paragraph at lines 536--537

 []


Underfull \hbox (badness 10000) in paragraph at lines 538--539

 []


Underfull \hbox (badness 10000) in paragraph at lines 540--541

 []


Underfull \hbox (badness 10000) in paragraph at lines 542--543

 []


Underfull \hbox (badness 10000) in paragraph at lines 544--545

 []


Underfull \hbox (badness 10000) in paragraph at lines 546--547

 []


Underfull \hbox (badness 10000) in paragraph at lines 548--549

 []


Underfull \hbox (badness 10000) in paragraph at lines 550--551

 []


LaTeX Warning: `!h' float specifier changed to `!ht'.


LaTeX Warning: `!h' float specifier changed to `!ht'.

<Figures/Encoded_Signals.png, id=906, 843.15pt x 298.11375pt>
File: Figures/Encoded_Signals.png Graphic file (type png)
<use Figures/Encoded_Signals.png>
Package pdftex.def Info: Figures/Encoded_Signals.png  used on input line 600.
(pdftex.def)             Requested size: 433.62pt x 153.31877pt.

LaTeX Warning: `!h' float specifier changed to `!ht'.


Underfull \hbox (badness 10000) in paragraph at lines 605--606

 []

[37]
Underfull \hbox (badness 10000) in paragraph at lines 607--608

 []


Underfull \hbox (badness 10000) in paragraph at lines 610--611

 []

[38]

LaTeX Warning: `!h' float specifier changed to `!ht'.


LaTeX Warning: `!h' float specifier changed to `!ht'.


LaTeX Warning: `!h' float specifier changed to `!ht'.


Underfull \hbox (badness 10000) in paragraph at lines 672--673

 []

[39 <./Figures/Encoded_Signals.png>]
Overfull \hbox (0.43018pt too wide) in paragraph at lines 677--678
\OT1/cmr/m/n/10.95 all EEG chan-nel data at once with their cor-re-spond-ing in
-put weights per time step. How-ever,
 []


Overfull \hbox (1.54156pt too wide) in paragraph at lines 677--678
\OT1/cmr/m/n/10.95 ap-proach). De-spite the dif-fer-ences be-tween step ap-proa
ches, the ex-per-i-ments were per-formed
 []


Underfull \hbox (badness 10000) in paragraph at lines 677--678

 []

[40]
Underfull \hbox (badness 10000) in paragraph at lines 679--680

 []


Underfull \hbox (badness 10000) in paragraph at lines 681--682

 []


Underfull \hbox (badness 10000) in paragraph at lines 683--684

 []


Underfull \hbox (badness 10000) in paragraph at lines 685--686

 []


Underfull \hbox (badness 10000) in paragraph at lines 687--688

 []


Underfull \hbox (badness 10000) in paragraph at lines 689--690

 []

<Figures/SSN_Error.png, id=942, 846.91406pt x 937.25156pt>
File: Figures/SSN_Error.png Graphic file (type png)
<use Figures/SSN_Error.png>
Package pdftex.def Info: Figures/SSN_Error.png  used on input line 693.
(pdftex.def)             Requested size: 433.62pt x 479.86543pt.

LaTeX Warning: `!h' float specifier changed to `!ht'.

) (chapter05.tex
Underfull \hbox (badness 10000) in paragraph at lines 698--1

 []

[41] [42 <./Figures/SSN_Error.png>]
Chapter 5.

Underfull \hbox (badness 10000) in paragraph at lines 2--3

 []


Underfull \hbox (badness 10000) in paragraph at lines 5--6

 []


Underfull \hbox (badness 10000) in paragraph at lines 7--8

 []


Overfull \hbox (4.71516pt too wide) in paragraph at lines 9--10
\OT1/cmr/m/n/10.95 ini-tial-iza-tion was set in all rounds to per-form the clas
-si-fier's train-ing with the same con-di-tions.
 []


Underfull \hbox (badness 10000) in paragraph at lines 9--10

 []


Underfull \hbox (badness 10000) in paragraph at lines 11--12

 []

<Figures/Validation.png, id=959, 715.17188pt x 538.26094pt>
File: Figures/Validation.png Graphic file (type png)
<use Figures/Validation.png>
Package pdftex.def Info: Figures/Validation.png  used on input line 14.
(pdftex.def)             Requested size: 433.62pt x 326.35931pt.
[43

]
Underfull \hbox (badness 10000) in paragraph at lines 20--21

 []


Underfull \hbox (badness 10000) in paragraph at lines 22--23

 []


Underfull \hbox (badness 10000) in paragraph at lines 24--25

 []


Underfull \hbox (badness 10000) in paragraph at lines 29--38

 []

[44 <./Figures/Validation.png>] [45]
Underfull \hbox (badness 10000) in paragraph at lines 79--80

 []


Underfull \hbox (badness 10000) in paragraph at lines 82--83

 []


Underfull \hbox (badness 10000) in paragraph at lines 84--85

 []


Underfull \hbox (badness 10000) in paragraph at lines 86--87

 []


Underfull \hbox (badness 10000) in paragraph at lines 88--89

 []


Overfull \hbox (1.8075pt too wide) in paragraph at lines 90--91
[]\OT1/cmr/m/n/10.95 Furthermore, just the ker-nel type was var-ied for the SVM
 with a second-grade poly-no-mial
 []


Underfull \hbox (badness 10000) in paragraph at lines 90--91

 []


Underfull \hbox (badness 10000) in paragraph at lines 92--93

 []


LaTeX Warning: `!h' float specifier changed to `!ht'.


LaTeX Warning: `!h' float specifier changed to `!ht'.


Underfull \hbox (badness 10000) in paragraph at lines 136--137

 []

[46]
Underfull \hbox (badness 10000) in paragraph at lines 138--139

 []

[47]
Overfull \vbox (0.8501pt too high) detected at line 159
 []


Underfull \hbox (badness 10000) in paragraph at lines 182--183

 []


Underfull \hbox (badness 10000) in paragraph at lines 184--185

 []

[48]
Underfull \hbox (badness 10000) in paragraph at lines 228--229

 []


Underfull \hbox (badness 10000) in paragraph at lines 230--231

 []


LaTeX Warning: `!h' float specifier changed to `!ht'.


LaTeX Warning: `!h' float specifier changed to `!ht'.


LaTeX Warning: `!h' float specifier changed to `!ht'.


LaTeX Warning: `!h' float specifier changed to `!ht'.

) (chapter06.tex [49] [50] [51]
Chapter 6.

Underfull \hbox (badness 10000) in paragraph at lines 2--3

 []


Overfull \hbox (2.02164pt too wide) in paragraph at lines 4--5
[]\OT1/cmr/m/n/10.95 Furthermore, the ex-per-i-ments were con-ducted with the v
al-i-da-tion method-ol-ogy de-scribed
 []


Overfull \hbox (2.3933pt too wide) in paragraph at lines 4--5
\OT1/cmr/m/n/10.95 ex-per-i-ments ap-proach). Ad-di-tion-ally, these re-sults w
ere ob-tained by the clas-si-fiers con-fig-ured
 []


Underfull \hbox (badness 10000) in paragraph at lines 4--5

 []


Underfull \hbox (badness 10000) in paragraph at lines 6--7

 []


Underfull \hbox (badness 10000) in paragraph at lines 9--10

 []


Underfull \hbox (badness 10000) in paragraph at lines 11--12

 []


Underfull \hbox (badness 10000) in paragraph at lines 13--14

 []

[52

]
Underfull \hbox (badness 10000) in paragraph at lines 59--60

 []


Underfull \hbox (badness 10000) in paragraph at lines 61--62

 []


Underfull \hbox (badness 10000) in paragraph at lines 63--64

 []


Underfull \hbox (badness 10000) in paragraph at lines 65--66

 []


LaTeX Warning: `!h' float specifier changed to `!ht'.


Underfull \hbox (badness 10000) in paragraph at lines 90--91

 []

[53]
Underfull \hbox (badness 10000) in paragraph at lines 93--94

 []


Underfull \hbox (badness 10000) in paragraph at lines 95--96

 []


Underfull \hbox (badness 10000) in paragraph at lines 97--98

 []


Underfull \hbox (badness 10000) in paragraph at lines 99--100

 []

[54]
Overfull \hbox (4.60103pt too wide) in paragraph at lines 152--154
 [][] 
 []


Underfull \hbox (badness 10000) in paragraph at lines 156--157

 []


Underfull \hbox (badness 10000) in paragraph at lines 158--159

 []


Underfull \hbox (badness 10000) in paragraph at lines 160--161

 []


Overfull \hbox (8.17851pt too wide) in paragraph at lines 192--194
 [][] 
 []


LaTeX Warning: `!h' float specifier changed to `!ht'.


Overfull \hbox (4.60103pt too wide) in paragraph at lines 226--228
 [][] 
 []


LaTeX Warning: `!h' float specifier changed to `!ht'.


Underfull \hbox (badness 10000) in paragraph at lines 230--231

 []

[55]
Underfull \hbox (badness 10000) in paragraph at lines 232--233

 []


Underfull \hbox (badness 10000) in paragraph at lines 234--235

 []

<Figures/NeuCube_FA_Overt.png, id=1104, 849.1725pt x 953.06062pt>
File: Figures/NeuCube_FA_Overt.png Graphic file (type png)
<use Figures/NeuCube_FA_Overt.png>
Package pdftex.def Info: Figures/NeuCube_FA_Overt.png  used on input line 238.
(pdftex.def)             Requested size: 433.62pt x 486.66528pt.

LaTeX Warning: `!h' float specifier changed to `!ht'.


Underfull \hbox (badness 10000) in paragraph at lines 243--244

 []

[56]
Underfull \hbox (badness 10000) in paragraph at lines 245--246

 []

<Figures/NeuCube_FA_Imagined.png, id=1113, 849.1725pt x 953.06062pt>
File: Figures/NeuCube_FA_Imagined.png Graphic file (type png)
<use Figures/NeuCube_FA_Imagined.png>
Package pdftex.def Info: Figures/NeuCube_FA_Imagined.png  used on input line 24
9.
(pdftex.def)             Requested size: 433.62pt x 486.66528pt.
[57 <./Figures/NeuCube_FA_Overt.png>]
<Figures/NeuCube_Weights_Overt.png, id=1118, 677.53125pt x 639.89063pt>
File: Figures/NeuCube_Weights_Overt.png Graphic file (type png)
<use Figures/NeuCube_Weights_Overt.png>
Package pdftex.def Info: Figures/NeuCube_Weights_Overt.png  used on input line 
256.
(pdftex.def)             Requested size: 298.11467pt x 281.55273pt.


LaTeX Warning: `!h' float specifier changed to `!ht'.

<Figures/NeuCube_Weights_Imagined.png, id=1119, 677.53125pt x 643.6547pt>
File: Figures/NeuCube_Weights_Imagined.png Graphic file (type png)
<use Figures/NeuCube_Weights_Imagined.png>
Package pdftex.def Info: Figures/NeuCube_Weights_Imagined.png  used on input li
ne 263.
(pdftex.def)             Requested size: 298.11467pt x 283.20894pt.

LaTeX Warning: `!h' float specifier changed to `!ht'.

<Figures/NeuCube_Connections_Overt.png, id=1120, 455.45157pt x 771.63281pt>
File: Figures/NeuCube_Connections_Overt.png Graphic file (type png)
<use Figures/NeuCube_Connections_Overt.png>
Package pdftex.def Info: Figures/NeuCube_Connections_Overt.png  used on input l
ine 270.
(pdftex.def)             Requested size: 350.69879pt x 594.1591pt.

LaTeX Warning: `!h' float specifier changed to `!ht'.

<Figures/NeuCube_Connections_Imagined.png, id=1121, 455.45157pt x 771.63281pt>
File: Figures/NeuCube_Connections_Imagined.png Graphic file (type png)
<use Figures/NeuCube_Connections_Imagined.png>
Package pdftex.def Info: Figures/NeuCube_Connections_Imagined.png  used on inpu
t line 277.
(pdftex.def)             Requested size: 350.69879pt x 594.1591pt.

LaTeX Warning: `!h' float specifier changed to `!ht'.


Underfull \hbox (badness 10000) in paragraph at lines 282--283

 []


Underfull \hbox (badness 10000) in paragraph at lines 284--285

 []


Underfull \hbox (badness 10000) in paragraph at lines 286--287

 []

[58 <./Figures/NeuCube_FA_Imagined.png>]

LaTeX Warning: Text page 59 contains only floats.

[59 <./Figures/NeuCube_Weights_Overt.png> <./Figures/NeuCube_Weights_Imagined.p
ng>]

LaTeX Warning: Text page 60 contains only floats.

[60 <./Figures/NeuCube_Connections_Overt.png>]

LaTeX Warning: Text page 61 contains only floats.

[61 <./Figures/NeuCube_Connections_Imagined.png>]
Underfull \hbox (badness 10000) in paragraph at lines 288--289

 []


Underfull \hbox (badness 10000) in paragraph at lines 290--291

 []


Underfull \hbox (badness 10000) in paragraph at lines 293--294

 []


Underfull \hbox (badness 10000) in paragraph at lines 295--296

 []


Underfull \hbox (badness 10000) in paragraph at lines 297--298

 []


Underfull \hbox (badness 10000) in paragraph at lines 299--300

 []

<Figures/FA_SSN_Overt.png, id=1169, 840.13875pt x 459.21562pt>
File: Figures/FA_SSN_Overt.png Graphic file (type png)
<use Figures/FA_SSN_Overt.png>
Package pdftex.def Info: Figures/FA_SSN_Overt.png  used on input line 303.
(pdftex.def)             Requested size: 433.62pt x 237.0137pt.

LaTeX Warning: `!h' float specifier changed to `!ht'.

<Figures/FA_SSN_Imagined.png, id=1170, 844.65562pt x 451.6875pt>
File: Figures/FA_SSN_Imagined.png Graphic file (type png)
<use Figures/FA_SSN_Imagined.png>
Package pdftex.def Info: Figures/FA_SSN_Imagined.png  used on input line 310.
(pdftex.def)             Requested size: 433.62pt x 231.88763pt.

LaTeX Warning: `!h' float specifier changed to `!ht'.


Underfull \hbox (badness 10000) in paragraph at lines 315--316

 []

[62]

LaTeX Warning: `!h' float specifier changed to `!ht'.


LaTeX Warning: `!h' float specifier changed to `!ht'.

<Figures/Accuracies_SSN_Overt.png, id=1177, 987.2082pt x 460.3599pt>
File: Figures/Accuracies_SSN_Overt.png Graphic file (type png)
<use Figures/Accuracies_SSN_Overt.png>
Package pdftex.def Info: Figures/Accuracies_SSN_Overt.png  used on input line 3
59.
(pdftex.def)             Requested size: 433.62pt x 202.20775pt.

LaTeX Warning: `!h' float specifier changed to `!ht'.


Underfull \hbox (badness 10000) in paragraph at lines 364--365

 []

[63 <./Figures/FA_SSN_Overt.png> <./Figures/FA_SSN_Imagined.png>]
Underfull \hbox (badness 10000) in paragraph at lines 366--367

 []

<Figures/Accuracies_SSN_Imagined.png, id=1182, 987.2082pt x 460.3599pt>
File: Figures/Accuracies_SSN_Imagined.png Graphic file (type png)
<use Figures/Accuracies_SSN_Imagined.png>
Package pdftex.def Info: Figures/Accuracies_SSN_Imagined.png  used on input lin
e 370.
(pdftex.def)             Requested size: 433.62pt x 202.20775pt.

LaTeX Warning: `!h' float specifier changed to `!ht'.


LaTeX Warning: `!h' float specifier changed to `!ht'.


LaTeX Warning: `!h' float specifier changed to `!ht'.


Overfull \hbox (2.59947pt too wide) in paragraph at lines 411--412
[]\OT1/cmr/m/n/10.95 Moreover, the plots from Fig-ure [][]6.9[][] cor-re-spond-
ing to Vector-based ex-per-i-ments pre-sented
 []


Underfull \hbox (badness 10000) in paragraph at lines 411--412

 []

[64 <./Figures/Accuracies_SSN_Overt.png>] [65 <./Figures/Accuracies_SSN_Imagine
d.png>]
Underfull \hbox (badness 10000) in paragraph at lines 413--414

 []


Underfull \hbox (badness 10000) in paragraph at lines 415--416

 []


Underfull \hbox (badness 10000) in paragraph at lines 417--418

 []


LaTeX Warning: Reference `FIg: CM_Imagined' on page 66 undefined on input line 
419.


Underfull \hbox (badness 10000) in paragraph at lines 419--420

 []

<Figures/CM_Overt.png, id=1200, 219.7008pt x 531.9072pt>
File: Figures/CM_Overt.png Graphic file (type png)
<use Figures/CM_Overt.png>
Package pdftex.def Info: Figures/CM_Overt.png  used on input line 425.
(pdftex.def)             Requested size: 263.63963pt x 638.28543pt.

LaTeX Warning: Float too large for page by 9.85544pt on input line 428.


LaTeX Warning: `!h' float specifier changed to `!ht'.

<Figures/CM_Imagined.png, id=1201, 219.7008pt x 531.9072pt>
File: Figures/CM_Imagined.png Graphic file (type png)
<use Figures/CM_Imagined.png>
Package pdftex.def Info: Figures/CM_Imagined.png  used on input line 432.
(pdftex.def)             Requested size: 263.63963pt x 638.28543pt.

LaTeX Warning: Float too large for page by 9.85544pt on input line 435.


LaTeX Warning: `!h' float specifier changed to `!ht'.

) (chapter07.tex [66] [67 <./Figures/CM_Overt.png>] [68 <./Figures/CM_Imagined.
png>]
Chapter 7.

Overfull \hbox (4.13724pt too wide) in paragraph at lines 6--7
\OT1/cmr/m/n/10.95 this step was re-marked the im-por-tance of re-vis-ing the s
am-ples be-fore per-form-ing ex-per-i-ments,
 []


Underfull \hbox (badness 10000) in paragraph at lines 6--7

 []


Underfull \hbox (badness 10000) in paragraph at lines 8--9

 []


Underfull \hbox (badness 10000) in paragraph at lines 10--11

 []


Underfull \hbox (badness 10000) in paragraph at lines 14--15

 []

[69

]
Underfull \hbox (badness 10000) in paragraph at lines 16--17

 []


Underfull \hbox (badness 10000) in paragraph at lines 20--21

 []


Underfull \hbox (badness 10000) in paragraph at lines 24--25

 []


Overfull \hbox (4.3805pt too wide) in paragraph at lines 26--27
\OT1/cmr/m/n/10.95 ap-proach us-ing 3 fea-tures, while for imag-ined speech wer
e with the Spatio-temporal ap-proach. 
 []


Underfull \hbox (badness 10000) in paragraph at lines 26--27

 []


Underfull \hbox (badness 10000) in paragraph at lines 28--29

 []


Underfull \hbox (badness 10000) in paragraph at lines 30--31

 []


Underfull \hbox (badness 10000) in paragraph at lines 32--33

 []

[70]
Underfull \hbox (badness 10000) in paragraph at lines 34--35

 []


Underfull \hbox (badness 10000) in paragraph at lines 36--37

 []


Overfull \hbox (11.79442pt too wide) in paragraph at lines 49--50
[]\OT1/cmr/m/n/10.95 Sub-bands se-lec-tion by cor-re-la-tion rank-ings (not use
d in all the clas-si-fi-ca-tion ex-per-i-ments
 []

[71]
Underfull \hbox (badness 10000) in paragraph at lines 64--65

 []


Underfull \hbox (badness 10000) in paragraph at lines 66--67

 []


Underfull \hbox (badness 10000) in paragraph at lines 68--69

 []


Underfull \hbox (badness 10000) in paragraph at lines 70--71

 []

[72]
Underfull \hbox (badness 10000) in paragraph at lines 72--73

 []


Underfull \hbox (badness 10000) in paragraph at lines 74--75

 []


Underfull \hbox (badness 10000) in paragraph at lines 76--77

 []

) (appendices.tex) (references.tex (tesis.bbl [73]
Underfull \hbox (badness 3965) in paragraph at lines 59--63
[]\OT1/cmr/m/n/10.95 Michael D'Zmura, Siyi Deng, Tom Lap-pas, Samuel Thorpe, an
d Ramesh
 []

[74

]
Underfull \hbox (badness 10000) in paragraph at lines 112--116
[]\OT1/cmr/m/n/10.95 Sinci database.  [][]$\OT1/cmtt/m/n/10.95 https : / / driv
e . google . com / file / d /
 []


Underfull \hbox (badness 10000) in paragraph at lines 153--157
[]\OT1/cmr/m/n/10.95 Importance of fea-ture scal-ing.  [][]$\OT1/cmtt/m/n/10.95
 https : / / scikit-[]learn . org / stable /
 []


Underfull \hbox (badness 10000) in paragraph at lines 153--157
\OT1/cmtt/m/n/10.95 auto _ examples / preprocessing / plot _ scaling _ importan
ce . html #
 []


Underfull \hbox (badness 2426) in paragraph at lines 153--157
\OT1/cmtt/m/n/10.95 sphx-[]glr-[]auto-[]examples-[]preprocessing-[]plot-[]scali
ng-[]importance-[]py$[][]\OT1/cmr/m/n/10.95 .  Last
 []

[75]
Underfull \hbox (badness 10000) in paragraph at lines 199--205
\OT1/cmtt/m/n/10.95 / / machinelearningmastery . com / difference-[]test-[]vali
dation-[]datasets/$[][]\OT1/cmr/m/n/10.95 , Jul
 []


Underfull \hbox (badness 10000) in paragraph at lines 236--240
[]\OT1/cmr/m/n/10.95 Stephanie Mar-tin.  \OT1/cmr/m/it/10.95 Un-der-stand-ing 
and De-cod-ing Imag-ined Speech us-ing
 []


Underfull \hbox (badness 1259) in paragraph at lines 236--240
\OT1/cmr/m/it/10.95 Elec-tro-cor-tico-graphic Record-ings in Hu-mans\OT1/cmr/m/
n/10.95 .  PhD the-sis, []Ecole Poly-tech-nique
 []


Underfull \hbox (badness 1902) in paragraph at lines 259--264
[]\OT1/cmr/m/n/10.95 Chuanqi Tan, Fuchun Sun, Wen-chang Zhang, Jian-hua Chen, a
nd Chun-fang
 []

))
Package atveryend Info: Empty hook `BeforeClearDocument' on input line 46.
 [76]
Package atveryend Info: Empty hook `AfterLastShipout' on input line 46.
 (tesis.aux)
Package atveryend Info: Executing hook `AtVeryEndDocument' on input line 46.
Package atveryend Info: Executing hook `AtEndAfterFileList' on input line 46.


Package rerunfilecheck Warning: File `tesis.out' has changed.
(rerunfilecheck)                Rerun to get outlines right
(rerunfilecheck)                or use package `bookmark'.

Package rerunfilecheck Info: Checksums for `tesis.out':
(rerunfilecheck)             Before: 7AFD1D35887D2803D83226070E5797F1;3066
(rerunfilecheck)             After:  EA181C6174036070BE3238A8D478052B;2926.

LaTeX Font Warning: Some font shapes were not available, defaults substituted.


LaTeX Warning: There were undefined references.

Package atveryend Info: Empty hook `AtVeryVeryEnd' on input line 46.
 ) 
Here is how much of TeX's memory you used:
 11632 strings out of 492946
 173806 string characters out of 3135528
 360418 words of memory out of 3000000
 14855 multiletter control sequences out of 15000+200000
 23138 words of font info for 89 fonts, out of 3000000 for 9000
 1141 hyphenation exceptions out of 8191
 43i,18n,46p,907b,885s stack positions out of 5000i,500n,10000p,200000b,50000s
pdfTeX warning (dest): name{appendix.B} has been referenced but does not exis
t, replaced by a fixed one

pdfTeX warning (dest): name{appendix.A} has been referenced but does not exist,
 replaced by a fixed one

<C:/Program Files/MiKTeX 2.9/fonts/type1/public/amsfonts/cm/cmbsy10.pfb><C:/Pro
gram Files/MiKTeX 2.9/fonts/type1/public/amsfonts/cm/cmbx10.pfb><C:/Program Fil
es/MiKTeX 2.9/fonts/type1/public/amsfonts/cm/cmbx12.pfb><C:/Program Files/MiKTe
X 2.9/fonts/type1/public/amsfonts/cm/cmbx8.pfb><C:/Program Files/MiKTeX 2.9/fon
ts/type1/public/amsfonts/cm/cmbxti10.pfb><C:/Program Files/MiKTeX 2.9/fonts/typ
e1/public/amsfonts/cm/cmcsc10.pfb><C:/Program Files/MiKTeX 2.9/fonts/type1/publ
ic/amsfonts/cm/cmex10.pfb><C:/Program Files/MiKTeX 2.9/fonts/type1/public/amsfo
nts/cm/cmmi10.pfb><C:/Program Files/MiKTeX 2.9/fonts/type1/public/amsfonts/cm/c
mmi12.pfb><C:/Program Files/MiKTeX 2.9/fonts/type1/public/amsfonts/cm/cmmi7.pfb
><C:/Program Files/MiKTeX 2.9/fonts/type1/public/amsfonts/cm/cmmi8.pfb><C:/Prog
ram Files/MiKTeX 2.9/fonts/type1/public/amsfonts/cm/cmmib10.pfb><C:/Program Fil
es/MiKTeX 2.9/fonts/type1/public/amsfonts/cm/cmr10.pfb><C:/Program Files/MiKTeX
 2.9/fonts/type1/public/amsfonts/cm/cmr12.pfb><C:/Program Files/MiKTeX 2.9/font
s/type1/public/amsfonts/cm/cmr8.pfb><C:/Program Files/MiKTeX 2.9/fonts/type1/pu
blic/amsfonts/cm/cmsy10.pfb><C:/Program Files/MiKTeX 2.9/fonts/type1/public/ams
fonts/cm/cmsy8.pfb><C:/Program Files/MiKTeX 2.9/fonts/type1/public/amsfonts/cm/
cmti10.pfb><C:/Program Files/MiKTeX 2.9/fonts/type1/public/amsfonts/cm/cmti12.p
fb><C:/Program Files/MiKTeX 2.9/fonts/type1/public/amsfonts/cm/cmtt10.pfb><C:/P
rogram Files/MiKTeX 2.9/fonts/type1/public/amsfonts/symbols/msbm10.pfb>
Output written on tesis.pdf (88 pages, 4393174 bytes).
PDF statistics:
 1414 PDF objects out of 1440 (max. 8388607)
 317 named destinations out of 1000 (max. 500000)
 542 words of extra memory for PDF output out of 10000 (max. 10000000)

