This is pdfTeX, Version 3.1415926-2.4-1.40.13 (TeX Live 2012/Debian) (format=pdflatex 2012.8.14)  14 AUG 2012 18:19
entering extended mode
 restricted \write18 enabled.
 %&-line parsing enabled.
**main.tex
(./main.tex
LaTeX2e <2011/06/27>
Babel <v3.8m> and hyphenation patterns for english, dumylang, nohyphenation, ga
lician, catalan, spanish, loaded.
(/usr/share/texlive/texmf-dist/tex/latex/base/book.cls
Document Class: book 2007/10/19 v1.4h Standard LaTeX document class
(/usr/share/texlive/texmf-dist/tex/latex/base/bk12.clo
File: bk12.clo 2007/10/19 v1.4h Standard LaTeX file (size option)
)
\c@part=\count79
\c@chapter=\count80
\c@section=\count81
\c@subsection=\count82
\c@subsubsection=\count83
\c@paragraph=\count84
\c@subparagraph=\count85
\c@figure=\count86
\c@table=\count87
\abovecaptionskip=\skip41
\belowcaptionskip=\skip42
\bibindent=\dimen102
)
(/usr/share/texlive/texmf-dist/tex/latex/ucs/ucs.sty
Package: ucs 2004/10/17 UCS: Unicode input support

(/usr/share/texlive/texmf-dist/tex/latex/ucs/data/uni-global.def
File: uni-global.def 2012/04/20 UCS: Unicode global data
)
\uc@secondtry=\count88
\uc@combtoks=\toks14
\uc@combtoksb=\toks15
\uc@temptokena=\toks16
)
(/usr/share/texlive/texmf-dist/tex/latex/base/inputenc.sty
Package: inputenc 2008/03/30 v1.1d Input encoding file
\inpenc@prehook=\toks17
\inpenc@posthook=\toks18

(/usr/share/texlive/texmf-dist/tex/latex/ucs/utf8x.def
File: utf8x.def 2004/10/17 UCS: Input encoding UTF-8
))
(/usr/share/texlive/texmf-dist/tex/latex/base/fontenc.sty
Package: fontenc 2005/09/27 v1.99g Standard LaTeX package

(/usr/share/texlive/texmf-dist/tex/latex/base/t1enc.def
File: t1enc.def 2005/09/27 v1.99g Standard LaTeX file
LaTeX Font Info:    Redeclaring font encoding T1 on input line 43.
))
(/usr/share/texlive/texmf-dist/tex/latex/graphics/graphicx.sty
Package: graphicx 1999/02/16 v1.0f Enhanced LaTeX Graphics (DPC,SPQR)

(/usr/share/texlive/texmf-dist/tex/latex/graphics/keyval.sty
Package: keyval 1999/03/16 v1.13 key=value parser (DPC)
\KV@toks@=\toks19
)
(/usr/share/texlive/texmf-dist/tex/latex/graphics/graphics.sty
Package: graphics 2009/02/05 v1.0o Standard LaTeX Graphics (DPC,SPQR)

(/usr/share/texlive/texmf-dist/tex/latex/graphics/trig.sty
Package: trig 1999/03/16 v1.09 sin cos tan (DPC)
)
(/usr/share/texlive/texmf-dist/tex/latex/latexconfig/graphics.cfg
File: graphics.cfg 2010/04/23 v1.9 graphics configuration of TeX Live
)
Package graphics Info: Driver file: pdftex.def on input line 91.

(/usr/share/texlive/texmf-dist/tex/latex/pdftex-def/pdftex.def
File: pdftex.def 2011/05/27 v0.06d Graphics/color for pdfTeX

(/usr/share/texlive/texmf-dist/tex/generic/oberdiek/infwarerr.sty
Package: infwarerr 2010/04/08 v1.3 Providing info/warning/error messages (HO)
)
(/usr/share/texlive/texmf-dist/tex/generic/oberdiek/ltxcmds.sty
Package: ltxcmds 2011/11/09 v1.22 LaTeX kernel commands for general use (HO)
)
\Gread@gobject=\count89
))
\Gin@req@height=\dimen103
\Gin@req@width=\dimen104
)
(/usr/share/texlive/texmf-dist/tex/latex/rotating/rotating.sty
Package: rotating 2009/03/28 v2.16a rotated objects in LaTeX

(/usr/share/texlive/texmf-dist/tex/latex/base/ifthen.sty
Package: ifthen 2001/05/26 v1.1c Standard LaTeX ifthen package (DPC)
)
\c@r@tfl@t=\count90
\rotFPtop=\skip43
\rotFPbot=\skip44
\rot@float@box=\box26
\rot@mess@toks=\toks20
)
(/usr/share/texlive/texmf-dist/tex/latex/float/float.sty
Package: float 2001/11/08 v1.3d Float enhancements (AL)
\c@float@type=\count91
\float@exts=\toks21
\float@box=\box27
\@float@everytoks=\toks22
\@floatcapt=\box28
)
(/usr/share/texlive/texmf-dist/tex/latex/url/url.sty
\Urlmuskip=\muskip10
Package: url 2006/04/12  ver 3.3  Verb mode for urls, etc.
)
(/usr/share/texlive/texmf-dist/tex/latex/tools/verbatim.sty
Package: verbatim 2003/08/22 v1.5q LaTeX2e package for verbatim enhancements
\every@verbatim=\toks23
\verbatim@line=\toks24
\verbatim@in@stream=\read1
)
(/usr/share/texlive/texmf-dist/tex/latex/listings/listings.sty
\lst@mode=\count92
\lst@gtempboxa=\box29
\lst@token=\toks25
\lst@length=\count93
\lst@currlwidth=\dimen105
\lst@column=\count94
\lst@pos=\count95
\lst@lostspace=\dimen106
\lst@width=\dimen107
\lst@newlines=\count96
\lst@lineno=\count97
\lst@maxwidth=\dimen108

(/usr/share/texlive/texmf-dist/tex/latex/listings/lstmisc.sty
File: lstmisc.sty 2007/02/22 1.4 (Carsten Heinz)
\c@lstnumber=\count98
\lst@skipnumbers=\count99
\lst@framebox=\box30
)
(/usr/share/texlive/texmf-dist/tex/latex/listings/listings.cfg
File: listings.cfg 2007/02/22 1.4 listings configuration
))
Package: listings 2007/02/22 1.4 (Carsten Heinz)

(/usr/share/texlive/texmf-dist/tex/latex/pdfpages/pdfpages.sty
Package: pdfpages 2012/04/03 v0.4s Insert pages of external PDF documents (AM)

(/usr/share/texlive/texmf-dist/tex/latex/tools/calc.sty
Package: calc 2007/08/22 v4.3 Infix arithmetic (KKT,FJ)
\calc@Acount=\count100
\calc@Bcount=\count101
\calc@Adimen=\dimen109
\calc@Bdimen=\dimen110
\calc@Askip=\skip45
\calc@Bskip=\skip46
LaTeX Info: Redefining \setlength on input line 76.
LaTeX Info: Redefining \addtolength on input line 77.
\calc@Ccount=\count102
\calc@Cskip=\skip47
)
(/usr/share/texlive/texmf-dist/tex/latex/eso-pic/eso-pic.sty
Package: eso-pic 2010/10/06 v2.0c eso-pic (RN)

(/usr/share/texlive/texmf-dist/tex/generic/oberdiek/atbegshi.sty
Package: atbegshi 2011/10/05 v1.16 At begin shipout hook (HO)

(/usr/share/texlive/texmf-dist/tex/generic/oberdiek/ifpdf.sty
Package: ifpdf 2011/01/30 v2.3 Provides the ifpdf switch (HO)
Package ifpdf Info: pdfTeX in PDF mode is detected.
))
(/usr/share/texmf/tex/latex/xcolor/xcolor.sty
Package: xcolor 2007/01/21 v2.11 LaTeX color extensions (UK)

(/usr/share/texlive/texmf-dist/tex/latex/latexconfig/color.cfg
File: color.cfg 2007/01/18 v1.5 color configuration of teTeX/TeXLive
)
Package xcolor Info: Driver file: pdftex.def on input line 225.
Package xcolor Info: Model `cmy' substituted by `cmy0' on input line 1337.
Package xcolor Info: Model `hsb' substituted by `rgb' on input line 1341.
Package xcolor Info: Model `RGB' extended on input line 1353.
Package xcolor Info: Model `HTML' substituted by `rgb' on input line 1355.
Package xcolor Info: Model `Hsb' substituted by `hsb' on input line 1356.
Package xcolor Info: Model `tHsb' substituted by `hsb' on input line 1357.
Package xcolor Info: Model `HSB' substituted by `hsb' on input line 1358.
Package xcolor Info: Model `Gray' substituted by `gray' on input line 1359.
Package xcolor Info: Model `wave' substituted by `hsb' on input line 1360.
))
(/usr/share/texlive/texmf-dist/tex/latex/pdfpages/pppdftex.def
File: pppdftex.def 2012/04/03 v0.4s Pdfpages driver for pdfTeX (AM)
)
\AM@pagebox=\box31
\AM@toc@title=\toks26
\c@AM@survey=\count103
\AM@templatesizebox=\box32
)
(/usr/share/texlive/texmf-dist/tex/latex/nomencl/nomencl.sty
Package: nomencl 2005/09/22 v4.2 Nomenclature package (LN)
\nomlabelwidth=\dimen111
\nom@tempdim=\dimen112
\nomitemsep=\skip48
)
(/usr/share/texlive/texmf-dist/tex/generic/babel/babel.sty
Package: babel 2008/07/08 v3.8m The Babel package

(/usr/share/texlive/texmf-dist/tex/generic/babel/spanish.ldf
Language: spanish.ldf 2011/10/06 v5.0k Spanish support from the babel system

(/usr/share/texlive/texmf-dist/tex/generic/babel/babel.def
File: babel.def 2008/07/08 v3.8m Babel common definitions
\babel@savecnt=\count104
\U@D=\dimen113
)
\es@datefmt=\count105
\es@quottoks=\toks27
\es@quotdepth=\count106
Package babel Info: Making " an active character on input line 496.
Package babel Info: Making . an active character on input line 599.
Package babel Info: Making < an active character on input line 644.
Package babel Info: Making > an active character on input line 644.
))
\@nomenclaturefile=\write3
\openout3 = `main.nlo'.


Writing nomenclature file main.nlo
(./main.aux
LaTeX Info: Redefining \. on input line 6.
LaTeX Info: Redefining \% on input line 6.
 (./abstract.aux) (./summary.aux) (./thanks.aux) (./acronyms.aux)
(./indexes.aux) (./chapter1.aux) (./chapter2.aux) (./chapter3.aux)
(./chapter4.aux) (./chapter5.aux) (./bibliography.aux) (./appendix_a.aux)
(./appendix_b.aux) (./appendix_c.aux) (./appendix_d.aux))
\openout1 = `main.aux'.

LaTeX Font Info:    Checking defaults for OML/cmm/m/it on input line 54.
LaTeX Font Info:    ... okay on input line 54.
LaTeX Font Info:    Checking defaults for T1/cmr/m/n on input line 54.
LaTeX Font Info:    ... okay on input line 54.
LaTeX Font Info:    Checking defaults for OT1/cmr/m/n on input line 54.
LaTeX Font Info:    ... okay on input line 54.
LaTeX Font Info:    Checking defaults for OMS/cmsy/m/n on input line 54.
LaTeX Font Info:    ... okay on input line 54.
LaTeX Font Info:    Checking defaults for OMX/cmex/m/n on input line 54.
LaTeX Font Info:    ... okay on input line 54.
LaTeX Font Info:    Checking defaults for U/cmr/m/n on input line 54.
LaTeX Font Info:    ... okay on input line 54.

(/usr/share/texlive/texmf-dist/tex/latex/ucs/ucsencs.def
File: ucsencs.def 2011/01/21 Fixes to fontencodings LGR, T3
)
(/usr/share/texlive/texmf-dist/tex/context/base/supp-pdf.mkii
[Loading MPS to PDF converter (version 2006.09.02).]
\scratchcounter=\count107
\scratchdimen=\dimen114
\scratchbox=\box33
\nofMPsegments=\count108
\nofMParguments=\count109
\everyMPshowfont=\toks28
\MPscratchCnt=\count110
\MPscratchDim=\dimen115
\MPnumerator=\count111
\makeMPintoPDFobject=\count112
\everyMPtoPDFconversion=\toks29
) (/usr/share/texlive/texmf-dist/tex/generic/oberdiek/pdftexcmds.sty
Package: pdftexcmds 2011/11/29 v0.20 Utility functions of pdfTeX for LuaTeX (HO
)

(/usr/share/texlive/texmf-dist/tex/generic/oberdiek/ifluatex.sty
Package: ifluatex 2010/03/01 v1.3 Provides the ifluatex switch (HO)
Package ifluatex Info: LuaTeX not detected.
)
Package pdftexcmds Info: LuaTeX not detected.
Package pdftexcmds Info: \pdf@primitive is available.
Package pdftexcmds Info: \pdf@ifprimitive is available.
Package pdftexcmds Info: \pdfdraftmode found.
)
(/usr/share/texlive/texmf-dist/tex/latex/oberdiek/epstopdf-base.sty
Package: epstopdf-base 2010/02/09 v2.5 Base part for package epstopdf

(/usr/share/texlive/texmf-dist/tex/latex/oberdiek/grfext.sty
Package: grfext 2010/08/19 v1.1 Manage graphics extensions (HO)

(/usr/share/texlive/texmf-dist/tex/generic/oberdiek/kvdefinekeys.sty
Package: kvdefinekeys 2011/04/07 v1.3 Define keys (HO)
))
(/usr/share/texlive/texmf-dist/tex/latex/oberdiek/kvoptions.sty
Package: kvoptions 2011/06/30 v3.11 Key value format for package options (HO)

(/usr/share/texlive/texmf-dist/tex/generic/oberdiek/kvsetkeys.sty
Package: kvsetkeys 2012/04/25 v1.16 Key value parser (HO)

(/usr/share/texlive/texmf-dist/tex/generic/oberdiek/etexcmds.sty
Package: etexcmds 2011/02/16 v1.5 Avoid name clashes with e-TeX commands (HO)
Package etexcmds Info: Could not find \expanded.
(etexcmds)             That can mean that you are not using pdfTeX 1.50 or
(etexcmds)             that some package has redefined \expanded.
(etexcmds)             In the latter case, load this package earlier.
)))
Package grfext Info: Graphics extension search list:
(grfext)             [.png,.pdf,.jpg,.mps,.jpeg,.jbig2,.jb2,.PNG,.PDF,.JPG,.JPE
G,.JBIG2,.JB2,.eps]
(grfext)             \AppendGraphicsExtensions on input line 452.

(/usr/share/texlive/texmf-dist/tex/latex/latexconfig/epstopdf-sys.cfg
File: epstopdf-sys.cfg 2010/07/13 v1.3 Configuration of (r)epstopdf for TeX Liv
e
))
\c@lstlisting=\count113
\AtBeginShipoutBox=\box34
LaTeX Info: Redefining \. on input line 54.
LaTeX Info: Redefining \% on input line 54.

<PortadaTesis.pdf, id=3, page=1, 614.295pt x 794.97pt>
File: PortadaTesis.pdf Graphic file (type pdf)

<use PortadaTesis.pdf, page 1>
Package pdftex.def Info: PortadaTesis.pdf, page1 used on input line 57.
(pdftex.def)             Requested size: 614.29349pt x 794.96806pt.
File: PortadaTesis.pdf Graphic file (type pdf)
 <use PortadaTesis.pdf, page 1>
Package pdftex.def Info: PortadaTesis.pdf, page1 used on input line 57.
(pdftex.def)             Requested size: 614.58406pt x 795.3441pt.
File: PortadaTesis.pdf Graphic file (type pdf)

<use PortadaTesis.pdf, page 1>
Package pdftex.def Info: PortadaTesis.pdf, page1 used on input line 57.
(pdftex.def)             Requested size: 614.58406pt x 795.3441pt.
File: PortadaTesis.pdf Graphic file (type pdf)
 <use PortadaTesis.pdf, page 1>
Package pdftex.def Info: PortadaTesis.pdf, page1 used on input line 57.
(pdftex.def)             Requested size: 614.58406pt x 795.3441pt.
File: PortadaTesis.pdf Graphic file (type pdf)

<use PortadaTesis.pdf, page 1>
Package pdftex.def Info: PortadaTesis.pdf, page1 used on input line 57.
(pdftex.def)             Requested size: 614.58406pt x 795.3441pt.
 [1

 <./PortadaTesis.pdf>]
\openout2 = `abstract.aux'.

 (./abstract.tex
(/usr/share/texlive/texmf-dist/tex/latex/ucs/data/uni-0.def
File: uni-0.def 2012/04/20 UCS: Unicode data U+0000..U+00FF
) [1



{/var/lib/texmf/fonts/map/pdftex/updmap/pdftex.map}] [2

]) [3]
\openout2 = `summary.aux'.

 (./summary.tex [4



]) [5

]
\openout2 = `thanks.aux'.


(./thanks.tex [6



]
LaTeX Font Info:    Try loading font information for T1+cmss on input line 13.
 (/usr/share/texlive/texmf-dist/tex/latex/base/t1cmss.fd
File: t1cmss.fd 1999/05/25 v2.5h Standard LaTeX font definitions
))
Underfull \vbox (badness 10000) has occurred while \output is active []

 [7]
\openout2 = `acronyms.aux'.


(./acronyms.tex [8



] (./main.nls)) [9

]
\openout2 = `indexes.aux'.

 (./indexes.tex [10



] (./main.toc
LaTeX Info: Redefining \. on input line 1.
LaTeX Info: Redefining \% on input line 1.
LaTeX Font Info:    External font `cmex10' loaded for size
(Font)              <12> on input line 15.
LaTeX Font Info:    External font `cmex10' loaded for size
(Font)              <8> on input line 15.
LaTeX Font Info:    External font `cmex10' loaded for size
(Font)              <6> on input line 15.
 [11])
\tf@toc=\write4
\openout4 = `main.toc'.


[12] (./main.lof
LaTeX Info: Redefining \. on input line 1.
LaTeX Info: Redefining \% on input line 1.
)
\tf@lof=\write5
\openout5 = `main.lof'.

 [13

] [14

] (./main.lot
LaTeX Info: Redefining \. on input line 1.
LaTeX Info: Redefining \% on input line 1.
)
\tf@lot=\write6
\openout6 = `main.lot'.

 [15] [16

] (./main.lol)
\tf@lol=\write7
\openout7 = `main.lol'.

) [17]
(./main.nls [18


]) [19]
\openout2 = `chapter1.aux'.

 (./chapter1.tex [20


]
Cap\'{\i }tulo 1.
<fig/plataforma-hw.png, id=100, 303.1325pt x 383.4325pt>
File: fig/plataforma-hw.png Graphic file (type png)

<use fig/plataforma-hw.png>
Package pdftex.def Info: fig/plataforma-hw.png used on input line 22.
(pdftex.def)             Requested size: 142.26378pt x 179.95001pt.


LaTeX Warning: `h' float specifier changed to `ht'.

(/usr/share/texlive/texmf-dist/tex/latex/listings/lstlang1.sty
File: lstlang1.sty 2004/09/05 1.3 listings language file
)
(/usr/share/texlive/texmf-dist/tex/latex/listings/lstmisc.sty
File: lstmisc.sty 2007/02/22 1.4 (Carsten Heinz)
)
Underfull \vbox (badness 1983) has occurred while \output is active []

 [1

]
LaTeX Font Info:    Try loading font information for OMS+cmr on input line 80.

(/usr/share/texlive/texmf-dist/tex/latex/base/omscmr.fd
File: omscmr.fd 1999/05/25 v2.5h Standard LaTeX font definitions
)
LaTeX Font Info:    Font shape `OMS/cmr/m/n' in size <10> not available
(Font)              Font shape `OMS/cmsy/m/n' tried instead on input line 80.

Underfull \vbox (badness 10000) has occurred while \output is active []

LaTeX Info: Redefining \. on input line 89.
LaTeX Info: Redefining \% on input line 89.
 [2 <./fig/plataforma-hw.png>] <fig/main-sch.png, id=113, 523.9575pt x 581.9240
6pt>
File: fig/main-sch.png Graphic file (type png)

<use fig/main-sch.png>
Package pdftex.def Info: fig/main-sch.png used on input line 95.
(pdftex.def)             Requested size: 284.52756pt x 316.0102pt.


LaTeX Warning: `!h' float specifier changed to `!ht'.

LaTeX Info: Redefining \. on input line 122.
LaTeX Info: Redefining \% on input line 122.
[3]
LaTeX Info: Redefining \. on input line 133.
LaTeX Info: Redefining \% on input line 133.
 [4 <./fig/main-sch.png>])
LaTeX Info: Redefining \. on input line 66.
LaTeX Info: Redefining \% on input line 66.
 [5]
\openout2 = `chapter2.aux'.

 (./chapter2.tex
LaTeX Info: Redefining \. on input line 2.
LaTeX Info: Redefining \% on input line 2.
 [6



]
Cap\'{\i }tulo 2.
<fig/ARQ_SE_DETALLE_1.jpg, id=129, 325.215pt x 442.65375pt>
File: fig/ARQ_SE_DETALLE_1.jpg Graphic file (type jpg)

<use fig/ARQ_SE_DETALLE_1.jpg>
Package pdftex.def Info: fig/ARQ_SE_DETALLE_1.jpg used on input line 19.
(pdftex.def)             Requested size: 341.43306pt x 464.76636pt.
 [7]
LaTeX Info: Redefining \. on input line 70.
LaTeX Info: Redefining \% on input line 70.
 [8 <./fig/ARQ_SE_DETALLE_1.jpg>])
LaTeX Info: Redefining \. on input line 67.
LaTeX Info: Redefining \% on input line 67.
 [9]
\openout2 = `chapter3.aux'.


(./chapter3.tex
LaTeX Info: Redefining \. on input line 2.
LaTeX Info: Redefining \% on input line 2.
 [10



]
Cap\'{\i }tulo 3.
LaTeX Font Info:    External font `cmex10' loaded for size
(Font)              <17.28> on input line 6.
[11]
LaTeX Font Info:    External font `cmex10' loaded for size
(Font)              <14.4> on input line 36.
LaTeX Font Info:    External font `cmex10' loaded for size
(Font)              <7> on input line 36.
)
LaTeX Info: Redefining \. on input line 68.
LaTeX Info: Redefining \% on input line 68.
 [12]
\openout2 = `chapter4.aux'.

 (./chapter4.tex
Cap\'{\i }tulo 4.
LaTeX Font Info:    Try loading font information for T1+cmtt on input line 9.
(/usr/share/texlive/texmf-dist/tex/latex/base/t1cmtt.fd
File: t1cmtt.fd 1999/05/25 v2.5h Standard LaTeX font definitions
)
Underfull \vbox (badness 1132) has occurred while \output is active []

 [13



])
LaTeX Info: Redefining \. on input line 69.
LaTeX Info: Redefining \% on input line 69.

[14]
\openout2 = `chapter5.aux'.

 (./chapter5.tex
Cap\'{\i }tulo 5.
) [15



]
\openout2 = `bibliography.aux'.

 (./bibliography.tex
LaTeX Info: Redefining \. on input line 15.
LaTeX Info: Redefining \% on input line 15.
 [16



]
Underfull \hbox (badness 10000) in paragraph at lines 61--75
[]\T1/cmr/m/n/12 Christopher Mims. 22 de Oc-tu-bre de 2010. \T1/cmr/m/it/12 Chi
-ne-se Chip
 []


Underfull \hbox (badness 6220) in paragraph at lines 61--75
\T1/cmr/m/it/12 Clo-ses in on In-tel, AMD. \T1/cmr/m/n/12 Tech-no-logy Re-view.
 ACM. $\T1/cmtt/m/n/12 http :
 []


Underfull \hbox (badness 10000) in paragraph at lines 61--75
\T1/cmtt/m/n/12 / / technews . acm . org / archives . cfm ? searchterm = godson
&fo =
 []

) [17

]
\openout2 = `appendix_a.aux'.

 (./appendix_a.tex
LaTeX Info: Redefining \. on input line 1.
LaTeX Info: Redefining \% on input line 1.
 [18



]
Ap\'{e}ndice A.
LaTeX Font Info:    Font shape `OMS/cmr/m/n' in size <12> not available
(Font)              Font shape `OMS/cmsy/m/n' tried instead on input line 14.
(/usr/share/texlive/texmf-dist/tex/latex/ucs/data/uni-33.def
File: uni-33.def 2012/04/20 UCS: Unicode data U+2100..U+21FF
)) [19

]
\openout2 = `appendix_b.aux'.


(./appendix_b.tex [20



]
Ap\'{e}ndice B.
) [21]
\openout2 = `appendix_c.aux'.

 (./appendix_c.tex [22



]
Ap\'{e}ndice C.

Underfull \hbox (badness 10000) in paragraph at lines 2--3

 []

LaTeX Font Info:    Font shape `OMS/cmr/m/it' in size <10> not available
(Font)              Font shape `OMS/cmsy/m/n' tried instead on input line 27.
LaTeX Font Info:    External font `cmex10' loaded for size
(Font)              <5> on input line 27.

Underfull \vbox (badness 1142) has occurred while \output is active []

 [23]
Overfull \hbox (19.90776pt too wide) in paragraph at lines 52--53
[][][][][][][][] 
 []


Overfull \hbox (19.90776pt too wide) in paragraph at lines 60--61
[][][][][][][][] 
 []


Overfull \hbox (7.9106pt too wide) in paragraph at lines 68--69
[][][][][][][][] 
 []


Underfull \vbox (badness 10000) has occurred while \output is active []

 [24]
[25]
Underfull \hbox (badness 10000) in paragraph at lines 89--90

 []

) [26

]
\openout2 = `appendix_d.aux'.

 (./appendix_d.tex
Ap\'{e}ndice D.
) [27



] (./main.aux
LaTeX Info: Redefining \. on input line 6.
LaTeX Info: Redefining \% on input line 6.
 (./abstract.aux) (./summary.aux) (./thanks.aux)
(./acronyms.aux) (./indexes.aux) (./chapter1.aux) (./chapter2.aux)
(./chapter3.aux) (./chapter4.aux) (./chapter5.aux) (./bibliography.aux)
(./appendix_a.aux) (./appendix_b.aux) (./appendix_c.aux) (./appendix_d.aux)) ) 
Here is how much of TeX's memory you used:
 6935 strings out of 494997
 93054 string characters out of 3180092
 218509 words of memory out of 3000000
 9881 multiletter control sequences out of 15000+200000
 22085 words of font info for 48 fonts, out of 3000000 for 9000
 40 hyphenation exceptions out of 8191
 39i,18n,51p,549b,1691s stack positions out of 5000i,500n,10000p,200000b,50000s
 
</home/agomezb10/.texmf-var/fonts/pk/ljfour/jknappen/ec/ecrm0800.600pk> </home/
agomezb10/.texmf-var/fonts/pk/ljfour/jknappen/ec/ecti1200.600pk> </home/agomezb
10/.texmf-var/fonts/pk/ljfour/jknappen/ec/ectt1200.600pk> </home/agomezb10/.tex
mf-var/fonts/pk/ljfour/jknappen/ec/ecbx1440.600pk> </home/agomezb10/.texmf-var/
fonts/pk/ljfour/jknappen/ec/ecti1000.600pk> </home/agomezb10/.texmf-var/fonts/p
k/ljfour/jknappen/ec/ecrm1000.600pk> </home/agomezb10/.texmf-var/fonts/pk/ljfou
r/jknappen/ec/ecbx1000.600pk> </home/agomezb10/.texmf-var/fonts/pk/ljfour/jknap
pen/ec/ecrm0600.600pk> </home/agomezb10/.texmf-var/fonts/pk/ljfour/jknappen/ec/
ecxc1200.600pk> </home/agomezb10/.texmf-var/fonts/pk/ljfour/jknappen/ec/ecsl120
0.600pk> </home/agomezb10/.texmf-var/fonts/pk/ljfour/jknappen/ec/ecss1200.600pk
> </home/agomezb10/.texmf-var/fonts/pk/ljfour/jknappen/ec/ecbx1728.600pk> </hom
e/agomezb10/.texmf-var/fonts/pk/ljfour/jknappen/ec/eccc1200.600pk> </home/agome
zb10/.texmf-var/fonts/pk/ljfour/jknappen/ec/ecrm1200.600pk> </home/agomezb10/.t
exmf-var/fonts/pk/ljfour/jknappen/ec/ecbx1200.600pk> </home/agomezb10/.texmf-va
r/fonts/pk/ljfour/jknappen/ec/ecbx2488.600pk></usr/share/texlive/texmf-dist/fon
ts/type1/public/amsfonts/cm/cmmi12.pfb></usr/share/texlive/texmf-dist/fonts/typ
e1/public/amsfonts/cm/cmr12.pfb></usr/share/texlive/texmf-dist/fonts/type1/publ
ic/amsfonts/cm/cmr17.pfb></usr/share/texlive/texmf-dist/fonts/type1/public/amsf
onts/cm/cmsy10.pfb>
Output written on main.pdf (48 pages, 353168 bytes).
PDF statistics:
 854 PDF objects out of 1000 (max. 8388607)
 199 compressed objects within 2 object streams
 0 named destinations out of 1000 (max. 500000)
 31 words of extra memory for PDF output out of 10000 (max. 10000000)

